<?xml version="1.0" encoding="UTF-8"?>
<robot generator="Robot 7.0.1 (Python 3.12.4 on win32)" generated="2024-08-12T13:39:20.108778" rpa="false" schemaversion="5">
<suite id="s1" name="KB-Admin-Alt" source="c:\Users\tobias\projects\robotTestingAlt\KB-Admin-Alt.robot">
<test id="s1-t1" name="Aktivace BH (ADMIN) - bez kbk" line="325">
<kw name="Založení nového klienta (KB ADMIN)">
<kw name="Otevři KB Admin">
<kw name="Open Chrome With Disabled Search Engine Choice Screen">
<kw name="Evaluate" owner="BuiltIn">
<msg time="2024-08-12T13:39:20.391675" level="INFO">${options} = &lt;selenium.webdriver.chrome.options.Options object at 0x00000198AB4D9C70&gt;</msg>
<var>${options}</var>
<arg>sys.modules['selenium.webdriver'].ChromeOptions()</arg>
<arg>sys, selenium.webdriver</arg>
<doc>Evaluates the given expression in Python and returns the result.</doc>
<status status="PASS" start="2024-08-12T13:39:20.391675" elapsed="0.001970"/>
</kw>
<kw name="Call Method" owner="BuiltIn">
<arg>${options}</arg>
<arg>add_argument</arg>
<arg>--disable-search-engine-choice-screen</arg>
<doc>Calls the named method of the given object with the provided arguments.</doc>
<status status="PASS" start="2024-08-12T13:39:20.393645" elapsed="0.000000"/>
</kw>
<kw name="Create Webdriver" owner="SeleniumLibrary">
<msg time="2024-08-12T13:39:20.394642" level="INFO">Creating an instance of the Chrome WebDriver.</msg>
<arg>Chrome</arg>
<arg>options=${options}</arg>
<doc>Creates an instance of Selenium WebDriver.</doc>
<status status="PASS" start="2024-08-12T13:39:20.393645" elapsed="1.363356"/>
</kw>
<kw name="Go To" owner="SeleniumLibrary">
<msg time="2024-08-12T13:39:21.757338" level="INFO">Opening url 'https://dev1-caas.kb.cz/'</msg>
<arg>${url}</arg>
<doc>Navigates the current browser window to the provided ``url``.</doc>
<status status="PASS" start="2024-08-12T13:39:21.757338" elapsed="0.255068"/>
</kw>
<arg>https://dev1-caas.kb.cz/</arg>
<status status="PASS" start="2024-08-12T13:39:20.390654" elapsed="1.621752"/>
</kw>
<kw name="Maximize Browser Window" owner="SeleniumLibrary">
<doc>Maximizes current browser window.</doc>
<status status="PASS" start="2024-08-12T13:39:22.013405" elapsed="0.020943"/>
</kw>
<kw name="Click Element" owner="SeleniumLibrary">
<msg time="2024-08-12T13:39:22.034348" level="INFO">Clicking element 'id:details-button'.</msg>
<arg>id:details-button</arg>
<doc>Click the element identified by ``locator``.</doc>
<status status="PASS" start="2024-08-12T13:39:22.034348" elapsed="0.054822"/>
</kw>
<kw name="Click Element" owner="SeleniumLibrary">
<msg time="2024-08-12T13:39:22.089170" level="INFO">Clicking element 'id:proceed-link'.</msg>
<arg>id:proceed-link</arg>
<doc>Click the element identified by ``locator``.</doc>
<status status="PASS" start="2024-08-12T13:39:22.089170" elapsed="0.387001"/>
</kw>
<kw name="Wait Until Element Is Visible" owner="SeleniumLibrary">
<arg>id:details-button</arg>
<arg>7 seconds</arg>
<doc>Waits until the element ``locator`` is visible.</doc>
<status status="PASS" start="2024-08-12T13:39:22.477163" elapsed="0.394818"/>
</kw>
<kw name="Click Element" owner="SeleniumLibrary">
<msg time="2024-08-12T13:39:22.871981" level="INFO">Clicking element 'id:details-button'.</msg>
<arg>id:details-button</arg>
<doc>Click the element identified by ``locator``.</doc>
<status status="PASS" start="2024-08-12T13:39:22.871981" elapsed="0.040902"/>
</kw>
<kw name="Click Element" owner="SeleniumLibrary">
<msg time="2024-08-12T13:39:22.912883" level="INFO">Clicking element 'id:proceed-link'.</msg>
<arg>id:proceed-link</arg>
<doc>Click the element identified by ``locator``.</doc>
<status status="PASS" start="2024-08-12T13:39:22.912883" elapsed="0.765651"/>
</kw>
<kw name="Wait Until Element Is Visible" owner="SeleniumLibrary">
<arg>id:details-button</arg>
<arg>7 seconds</arg>
<doc>Waits until the element ``locator`` is visible.</doc>
<status status="PASS" start="2024-08-12T13:39:23.678534" elapsed="4.089912"/>
</kw>
<kw name="Click Element" owner="SeleniumLibrary">
<msg time="2024-08-12T13:39:27.768446" level="INFO">Clicking element 'id:details-button'.</msg>
<arg>id:details-button</arg>
<doc>Click the element identified by ``locator``.</doc>
<status status="PASS" start="2024-08-12T13:39:27.768446" elapsed="0.041414"/>
</kw>
<kw name="Click Element" owner="SeleniumLibrary">
<msg time="2024-08-12T13:39:27.809860" level="INFO">Clicking element 'id:proceed-link'.</msg>
<arg>id:proceed-link</arg>
<doc>Click the element identified by ``locator``.</doc>
<status status="PASS" start="2024-08-12T13:39:27.809860" elapsed="0.284250"/>
</kw>
<kw name="Wait Until Element Is Visible" owner="SeleniumLibrary">
<arg>id:userNameInput</arg>
<arg>7 seconds</arg>
<doc>Waits until the element ``locator`` is visible.</doc>
<status status="PASS" start="2024-08-12T13:39:28.095098" elapsed="0.032223"/>
</kw>
<kw name="Input Text" owner="SeleniumLibrary">
<msg time="2024-08-12T13:39:28.127321" level="INFO">Typing text 'DSLAB\e_mvysko' into text field 'id:userNameInput'.</msg>
<arg>id:userNameInput</arg>
<arg>${username}</arg>
<doc>Types the given ``text`` into the text field identified by ``locator``.</doc>
<status status="PASS" start="2024-08-12T13:39:28.127321" elapsed="0.080743"/>
</kw>
<kw name="Click Element" owner="SeleniumLibrary">
<msg time="2024-08-12T13:39:28.209062" level="INFO">Clicking element 'id:nextButton'.</msg>
<arg>id:nextButton</arg>
<doc>Click the element identified by ``locator``.</doc>
<status status="PASS" start="2024-08-12T13:39:28.208064" elapsed="0.040849"/>
</kw>
<kw name="Input Text" owner="SeleniumLibrary">
<msg time="2024-08-12T13:39:28.249598" level="INFO">Typing text 'Pr0ject_NemlaZ_0002' into text field 'id:passwordInput'.</msg>
<arg>id:passwordInput</arg>
<arg>${password}</arg>
<doc>Types the given ``text`` into the text field identified by ``locator``.</doc>
<status status="PASS" start="2024-08-12T13:39:28.248913" elapsed="0.062520"/>
</kw>
<kw name="Click Element" owner="SeleniumLibrary">
<msg time="2024-08-12T13:39:28.311433" level="INFO">Clicking element 'id:submitButton'.</msg>
<arg>id:submitButton</arg>
<doc>Click the element identified by ``locator``.</doc>
<status status="PASS" start="2024-08-12T13:39:28.311433" elapsed="0.769060"/>
</kw>
<status status="PASS" start="2024-08-12T13:39:20.390654" elapsed="8.690835"/>
</kw>
<kw name="Wait Until Element Is Visible" owner="SeleniumLibrary">
<arg>id:query</arg>
<arg>7 seconds</arg>
<doc>Waits until the element ``locator`` is visible.</doc>
<status status="PASS" start="2024-08-12T13:39:29.081489" elapsed="1.790839"/>
</kw>
<kw name="Input Text" owner="SeleniumLibrary">
<msg time="2024-08-12T13:39:30.872328" level="INFO">Typing text '.' into text field 'id:query'.</msg>
<arg>id:query</arg>
<arg>.</arg>
<doc>Types the given ``text`` into the text field identified by ``locator``.</doc>
<status status="PASS" start="2024-08-12T13:39:30.872328" elapsed="0.048868"/>
</kw>
<kw name="Click Button" owner="SeleniumLibrary">
<msg time="2024-08-12T13:39:30.921196" level="INFO">Clicking button 'class:btn.btn-primary.btn-icon'.</msg>
<arg>class:btn.btn-primary.btn-icon</arg>
<doc>Clicks the button identified by ``locator``.</doc>
<status status="PASS" start="2024-08-12T13:39:30.921196" elapsed="0.055344"/>
</kw>
<kw name="Wait Until Element Is Visible" owner="SeleniumLibrary">
<arg>name:bu9680</arg>
<arg>7 seconds</arg>
<doc>Waits until the element ``locator`` is visible.</doc>
<status status="PASS" start="2024-08-12T13:39:30.976540" elapsed="0.233430"/>
</kw>
<kw name="Click Element" owner="SeleniumLibrary">
<msg time="2024-08-12T13:39:31.210966" level="INFO">Clicking element 'name:bu9680'.</msg>
<arg>name:bu9680</arg>
<doc>Click the element identified by ``locator``.</doc>
<status status="PASS" start="2024-08-12T13:39:31.209970" elapsed="0.034907"/>
</kw>
<kw name="Wait Until Element Is Visible" owner="SeleniumLibrary">
<arg>xpath: //*[contains(text(), "Zvolte")]</arg>
<arg>7 seconds</arg>
<doc>Waits until the element ``locator`` is visible.</doc>
<status status="PASS" start="2024-08-12T13:39:31.245874" elapsed="0.231353"/>
</kw>
<kw name="Click Element" owner="SeleniumLibrary">
<msg time="2024-08-12T13:39:31.477227" level="INFO">Clicking element 'xpath: //*[contains(text(), "Zvolte")]'.</msg>
<arg>xpath: //*[contains(text(), "Zvolte")]</arg>
<doc>Click the element identified by ``locator``.</doc>
<status status="PASS" start="2024-08-12T13:39:31.477227" elapsed="0.048387"/>
</kw>
<kw name="Click Element" owner="SeleniumLibrary">
<msg time="2024-08-12T13:39:31.525614" level="INFO">Clicking element 'xpath: //*[contains(text(), "ČR (0100)")]'.</msg>
<arg>xpath: //*[contains(text(), "ČR (0100)")]</arg>
<doc>Click the element identified by ``locator``.</doc>
<status status="PASS" start="2024-08-12T13:39:31.525614" elapsed="0.049494"/>
</kw>
<kw name="Generate Random String" owner="String">
<msg time="2024-08-12T13:39:31.576105" level="INFO">${client-ID} = 6564277934</msg>
<var>${client-ID}</var>
<arg>10</arg>
<arg>123456789</arg>
<doc>Generates a string with a desired ``length`` from the given ``chars``.</doc>
<status status="PASS" start="2024-08-12T13:39:31.575108" elapsed="0.000997"/>
</kw>
<kw name="Set Global Variable" owner="BuiltIn">
<msg time="2024-08-12T13:39:31.576105" level="INFO">${client-ID} = 6564277934</msg>
<arg>${client-ID}</arg>
<doc>Makes a variable available globally in all tests and suites.</doc>
<status status="PASS" start="2024-08-12T13:39:31.576105" elapsed="0.000000"/>
</kw>
<kw name="Input Text" owner="SeleniumLibrary">
<msg time="2024-08-12T13:39:31.576105" level="INFO">Typing text '6564277934' into text field 'id:bu10372'.</msg>
<arg>id:bu10372</arg>
<arg>${client-ID}</arg>
<doc>Types the given ``text`` into the text field identified by ``locator``.</doc>
<status status="PASS" start="2024-08-12T13:39:31.576105" elapsed="0.073130"/>
</kw>
<kw name="Generate Random String" owner="String">
<msg time="2024-08-12T13:39:31.650378" level="INFO">${client-name} = hoMwcFp</msg>
<var>${client-name}</var>
<arg>7</arg>
<arg>ABCDEFGHIJKLMNOPQRŘSŠTŤUVWXYZabcdefghijklmnopqrřsštťuvwxyz</arg>
<doc>Generates a string with a desired ``length`` from the given ``chars``.</doc>
<status status="PASS" start="2024-08-12T13:39:31.649235" elapsed="0.001143"/>
</kw>
<kw name="Input Text" owner="SeleniumLibrary">
<msg time="2024-08-12T13:39:31.651060" level="INFO">Typing text 'hoMwcFp' into text field 'id:bu0306'.</msg>
<arg>id:bu0306</arg>
<arg>${client-name}</arg>
<doc>Types the given ``text`` into the text field identified by ``locator``.</doc>
<status status="PASS" start="2024-08-12T13:39:31.650378" elapsed="0.138336"/>
</kw>
<kw name="Input Text" owner="SeleniumLibrary">
<msg time="2024-08-12T13:39:31.789714" level="INFO">Typing text 'hoMwcFp' into text field 'id:bu9698'.</msg>
<arg>id:bu9698</arg>
<arg>${client-name}</arg>
<doc>Types the given ``text`` into the text field identified by ``locator``.</doc>
<status status="PASS" start="2024-08-12T13:39:31.788714" elapsed="0.081951"/>
</kw>
<kw name="Input Text" owner="SeleniumLibrary">
<msg time="2024-08-12T13:39:31.871662" level="INFO">Typing text '8.6.2000' into text field 'id:bu0985'.</msg>
<arg>id:bu0985</arg>
<arg>8.6.2000</arg>
<doc>Types the given ``text`` into the text field identified by ``locator``.</doc>
<status status="PASS" start="2024-08-12T13:39:31.870665" elapsed="0.073016"/>
</kw>
<kw name="Click Element" owner="SeleniumLibrary">
<msg time="2024-08-12T13:39:31.944678" level="INFO">Clicking element 'xpath=(//div[contains(@class, 'form-select__container')])[4]'.</msg>
<arg>xpath=(//div[contains(@class, 'form-select__container')])[4]</arg>
<doc>Click the element identified by ``locator``.</doc>
<status status="PASS" start="2024-08-12T13:39:31.943681" elapsed="0.052859"/>
</kw>
<kw name="Click Element" owner="SeleniumLibrary">
<msg time="2024-08-12T13:39:31.996540" level="INFO">Clicking element 'xpath: //*[contains(text(), "Muž")]'.</msg>
<arg>xpath: //*[contains(text(), "Muž")]</arg>
<doc>Click the element identified by ``locator``.</doc>
<status status="PASS" start="2024-08-12T13:39:31.996540" elapsed="0.045876"/>
</kw>
<kw name="Click Element" owner="SeleniumLibrary">
<msg time="2024-08-12T13:39:32.042416" level="INFO">Clicking element 'xpath=(//div[contains(@class, 'form-select__container')])[5]'.</msg>
<arg>xpath=(//div[contains(@class, 'form-select__container')])[5]</arg>
<doc>Click the element identified by ``locator``.</doc>
<status status="PASS" start="2024-08-12T13:39:32.042416" elapsed="0.042159"/>
</kw>
<kw name="Click Element" owner="SeleniumLibrary">
<msg time="2024-08-12T13:39:32.085572" level="INFO">Clicking element 'xpath: //*[contains(text(), "Občanský průkaz")]'.</msg>
<arg>xpath: //*[contains(text(), "Občanský průkaz")]</arg>
<doc>Click the element identified by ``locator``.</doc>
<status status="PASS" start="2024-08-12T13:39:32.085081" elapsed="0.045430"/>
</kw>
<kw name="Generate Random String" owner="String">
<msg time="2024-08-12T13:39:32.131508" level="INFO">${ID-number} = 521011275578836973324172</msg>
<var>${ID-number}</var>
<arg>24</arg>
<arg>0123456789</arg>
<doc>Generates a string with a desired ``length`` from the given ``chars``.</doc>
<status status="PASS" start="2024-08-12T13:39:32.131508" elapsed="0.000665"/>
</kw>
<kw name="Input Text" owner="SeleniumLibrary">
<msg time="2024-08-12T13:39:32.132506" level="INFO">Typing text '521011275578836973324172' into text field 'id:bu3344'.</msg>
<arg>id:bu3344</arg>
<arg>${ID-number}</arg>
<doc>Types the given ``text`` into the text field identified by ``locator``.</doc>
<status status="PASS" start="2024-08-12T13:39:32.132173" elapsed="0.098585"/>
</kw>
<kw name="Input Text" owner="SeleniumLibrary">
<msg time="2024-08-12T13:39:32.231755" level="INFO">Typing text 'hoMwcFp' into text field 'id:bu10881'.</msg>
<arg>id:bu10881</arg>
<arg>${client-name}</arg>
<doc>Types the given ``text`` into the text field identified by ``locator``.</doc>
<status status="PASS" start="2024-08-12T13:39:32.231755" elapsed="0.071808"/>
</kw>
<kw name="Input Text" owner="SeleniumLibrary">
<msg time="2024-08-12T13:39:32.303563" level="INFO">Typing text '5.5.2008' into text field 'id:bu0314'.</msg>
<arg>id:bu0314</arg>
<arg>5.5.2008</arg>
<doc>Types the given ``text`` into the text field identified by ``locator``.</doc>
<status status="PASS" start="2024-08-12T13:39:32.303563" elapsed="0.074339"/>
</kw>
<kw name="Input Text" owner="SeleniumLibrary">
<msg time="2024-08-12T13:39:32.378900" level="INFO">Typing text '6.9.2069' into text field 'id:bu10844'.</msg>
<arg>id:bu10844</arg>
<arg>6.9.2069</arg>
<doc>Types the given ``text`` into the text field identified by ``locator``.</doc>
<status status="PASS" start="2024-08-12T13:39:32.378900" elapsed="0.074604"/>
</kw>
<kw name="Click Element" owner="SeleniumLibrary">
<msg time="2024-08-12T13:39:32.454502" level="INFO">Clicking element 'xpath=(//div[contains(@class, 'form-select__container')])[6]'.</msg>
<arg>xpath=(//div[contains(@class, 'form-select__container')])[6]</arg>
<doc>Click the element identified by ``locator``.</doc>
<status status="PASS" start="2024-08-12T13:39:32.454193" elapsed="0.055676"/>
</kw>
<kw name="Click Element" owner="SeleniumLibrary">
<msg time="2024-08-12T13:39:32.510867" level="INFO">Clicking element 'xpath: //*[contains(text(), "Česká republika")]'.</msg>
<arg>xpath: //*[contains(text(), "Česká republika")]</arg>
<doc>Click the element identified by ``locator``.</doc>
<status status="PASS" start="2024-08-12T13:39:32.510867" elapsed="0.060125"/>
</kw>
<kw name="Input Text" owner="SeleniumLibrary">
<msg time="2024-08-12T13:39:32.571989" level="INFO">Typing text 'hoMwcFp' into text field 'id:bu0032'.</msg>
<arg>id:bu0032</arg>
<arg>${client-name}</arg>
<doc>Types the given ``text`` into the text field identified by ``locator``.</doc>
<status status="PASS" start="2024-08-12T13:39:32.570992" elapsed="0.069140"/>
</kw>
<kw name="Input Text" owner="SeleniumLibrary">
<msg time="2024-08-12T13:39:32.641130" level="INFO">Typing text 'hoMwcFp' into text field 'id:bu0033'.</msg>
<arg>id:bu0033</arg>
<arg>${client-name}</arg>
<doc>Types the given ``text`` into the text field identified by ``locator``.</doc>
<status status="PASS" start="2024-08-12T13:39:32.640132" elapsed="0.071641"/>
</kw>
<kw name="Generate Random String" owner="String">
<msg time="2024-08-12T13:39:32.711940" level="INFO">${PSČ} = 14227</msg>
<var>${PSČ}</var>
<arg>5</arg>
<arg>0123456789</arg>
<doc>Generates a string with a desired ``length`` from the given ``chars``.</doc>
<status status="PASS" start="2024-08-12T13:39:32.711940" elapsed="0.000000"/>
</kw>
<kw name="Input Text" owner="SeleniumLibrary">
<msg time="2024-08-12T13:39:32.712937" level="INFO">Typing text '14227' into text field 'id:bu9701'.</msg>
<arg>id:bu9701</arg>
<arg>${PSČ}</arg>
<doc>Types the given ``text`` into the text field identified by ``locator``.</doc>
<status status="PASS" start="2024-08-12T13:39:32.711940" elapsed="0.071858"/>
</kw>
<kw name="Click Element" owner="SeleniumLibrary">
<msg time="2024-08-12T13:39:32.784796" level="INFO">Clicking element 'xpath=(//div[contains(@class, 'form-select__container')])[7]'.</msg>
<arg>xpath=(//div[contains(@class, 'form-select__container')])[7]</arg>
<doc>Click the element identified by ``locator``.</doc>
<status status="PASS" start="2024-08-12T13:39:32.783798" elapsed="0.047871"/>
</kw>
<kw name="Click Element" owner="SeleniumLibrary">
<msg time="2024-08-12T13:39:32.832668" level="INFO">Clicking element 'xpath=(//*[contains(@class, 'js-select-value')])[426]'.</msg>
<arg>xpath=(//*[contains(@class, 'js-select-value')])[426]</arg>
<doc>Click the element identified by ``locator``.</doc>
<status status="PASS" start="2024-08-12T13:39:32.832668" elapsed="0.044548"/>
</kw>
<kw name="Click Element" owner="SeleniumLibrary">
<msg time="2024-08-12T13:39:32.878289" level="INFO">Clicking element 'name:bu9702'.</msg>
<arg>name:bu9702</arg>
<doc>Click the element identified by ``locator``.</doc>
<status status="PASS" start="2024-08-12T13:39:32.878289" elapsed="0.043879"/>
</kw>
<kw name="Close All Browsers" owner="SeleniumLibrary">
<doc>Closes all open browsers and resets the browser cache.</doc>
<status status="PASS" start="2024-08-12T13:39:32.922168" elapsed="6.201251"/>
</kw>
<status status="PASS" start="2024-08-12T13:39:20.389655" elapsed="18.734754"/>
</kw>
<kw name="Sjednej Smlouvu">
<kw name="Otevři KB Admin">
<kw name="Open Chrome With Disabled Search Engine Choice Screen">
<kw name="Evaluate" owner="BuiltIn">
<msg time="2024-08-12T13:39:39.134043" level="INFO">${options} = &lt;selenium.webdriver.chrome.options.Options object at 0x00000198AB584290&gt;</msg>
<var>${options}</var>
<arg>sys.modules['selenium.webdriver'].ChromeOptions()</arg>
<arg>sys, selenium.webdriver</arg>
<doc>Evaluates the given expression in Python and returns the result.</doc>
<status status="PASS" start="2024-08-12T13:39:39.132336" elapsed="0.001945"/>
</kw>
<kw name="Call Method" owner="BuiltIn">
<arg>${options}</arg>
<arg>add_argument</arg>
<arg>--disable-search-engine-choice-screen</arg>
<doc>Calls the named method of the given object with the provided arguments.</doc>
<status status="PASS" start="2024-08-12T13:39:39.135087" elapsed="0.000000"/>
</kw>
<kw name="Create Webdriver" owner="SeleniumLibrary">
<msg time="2024-08-12T13:39:39.137083" level="INFO">Creating an instance of the Chrome WebDriver.</msg>
<arg>Chrome</arg>
<arg>options=${options}</arg>
<doc>Creates an instance of Selenium WebDriver.</doc>
<status status="PASS" start="2024-08-12T13:39:39.136086" elapsed="1.366079"/>
</kw>
<kw name="Go To" owner="SeleniumLibrary">
<msg time="2024-08-12T13:39:40.502165" level="INFO">Opening url 'https://dev1-caas.kb.cz/'</msg>
<arg>${url}</arg>
<doc>Navigates the current browser window to the provided ``url``.</doc>
<status status="PASS" start="2024-08-12T13:39:40.502165" elapsed="0.163277"/>
</kw>
<arg>https://dev1-caas.kb.cz/</arg>
<status status="PASS" start="2024-08-12T13:39:39.130341" elapsed="1.535101"/>
</kw>
<kw name="Maximize Browser Window" owner="SeleniumLibrary">
<doc>Maximizes current browser window.</doc>
<status status="PASS" start="2024-08-12T13:39:40.665442" elapsed="0.023161"/>
</kw>
<kw name="Click Element" owner="SeleniumLibrary">
<msg time="2024-08-12T13:39:40.689375" level="INFO">Clicking element 'id:details-button'.</msg>
<arg>id:details-button</arg>
<doc>Click the element identified by ``locator``.</doc>
<status status="PASS" start="2024-08-12T13:39:40.688603" elapsed="0.064641"/>
</kw>
<kw name="Click Element" owner="SeleniumLibrary">
<msg time="2024-08-12T13:39:40.753244" level="INFO">Clicking element 'id:proceed-link'.</msg>
<arg>id:proceed-link</arg>
<doc>Click the element identified by ``locator``.</doc>
<status status="PASS" start="2024-08-12T13:39:40.753244" elapsed="0.385954"/>
</kw>
<kw name="Wait Until Element Is Visible" owner="SeleniumLibrary">
<arg>id:details-button</arg>
<arg>7 seconds</arg>
<doc>Waits until the element ``locator`` is visible.</doc>
<status status="PASS" start="2024-08-12T13:39:41.139198" elapsed="0.238697"/>
</kw>
<kw name="Click Element" owner="SeleniumLibrary">
<msg time="2024-08-12T13:39:41.378892" level="INFO">Clicking element 'id:details-button'.</msg>
<arg>id:details-button</arg>
<doc>Click the element identified by ``locator``.</doc>
<status status="PASS" start="2024-08-12T13:39:41.378892" elapsed="0.038895"/>
</kw>
<kw name="Click Element" owner="SeleniumLibrary">
<msg time="2024-08-12T13:39:41.418786" level="INFO">Clicking element 'id:proceed-link'.</msg>
<arg>id:proceed-link</arg>
<doc>Click the element identified by ``locator``.</doc>
<status status="PASS" start="2024-08-12T13:39:41.418786" elapsed="0.709105"/>
</kw>
<kw name="Wait Until Element Is Visible" owner="SeleniumLibrary">
<arg>id:details-button</arg>
<arg>7 seconds</arg>
<doc>Waits until the element ``locator`` is visible.</doc>
<status status="PASS" start="2024-08-12T13:39:42.127891" elapsed="4.136888"/>
</kw>
<kw name="Click Element" owner="SeleniumLibrary">
<msg time="2024-08-12T13:39:46.265776" level="INFO">Clicking element 'id:details-button'.</msg>
<arg>id:details-button</arg>
<doc>Click the element identified by ``locator``.</doc>
<status status="PASS" start="2024-08-12T13:39:46.265776" elapsed="0.042245"/>
</kw>
<kw name="Click Element" owner="SeleniumLibrary">
<msg time="2024-08-12T13:39:46.309019" level="INFO">Clicking element 'id:proceed-link'.</msg>
<arg>id:proceed-link</arg>
<doc>Click the element identified by ``locator``.</doc>
<status status="PASS" start="2024-08-12T13:39:46.309019" elapsed="0.216495"/>
</kw>
<kw name="Wait Until Element Is Visible" owner="SeleniumLibrary">
<arg>id:userNameInput</arg>
<arg>7 seconds</arg>
<doc>Waits until the element ``locator`` is visible.</doc>
<status status="PASS" start="2024-08-12T13:39:46.525514" elapsed="0.031215"/>
</kw>
<kw name="Input Text" owner="SeleniumLibrary">
<msg time="2024-08-12T13:39:46.557108" level="INFO">Typing text 'DSLAB\e_mvysko' into text field 'id:userNameInput'.</msg>
<arg>id:userNameInput</arg>
<arg>${username}</arg>
<doc>Types the given ``text`` into the text field identified by ``locator``.</doc>
<status status="PASS" start="2024-08-12T13:39:46.557108" elapsed="0.086342"/>
</kw>
<kw name="Click Element" owner="SeleniumLibrary">
<msg time="2024-08-12T13:39:46.643450" level="INFO">Clicking element 'id:nextButton'.</msg>
<arg>id:nextButton</arg>
<doc>Click the element identified by ``locator``.</doc>
<status status="PASS" start="2024-08-12T13:39:46.643450" elapsed="0.037917"/>
</kw>
<kw name="Input Text" owner="SeleniumLibrary">
<msg time="2024-08-12T13:39:46.681367" level="INFO">Typing text 'Pr0ject_NemlaZ_0002' into text field 'id:passwordInput'.</msg>
<arg>id:passwordInput</arg>
<arg>${password}</arg>
<doc>Types the given ``text`` into the text field identified by ``locator``.</doc>
<status status="PASS" start="2024-08-12T13:39:46.681367" elapsed="0.056877"/>
</kw>
<kw name="Click Element" owner="SeleniumLibrary">
<msg time="2024-08-12T13:39:46.738244" level="INFO">Clicking element 'id:submitButton'.</msg>
<arg>id:submitButton</arg>
<doc>Click the element identified by ``locator``.</doc>
<status status="PASS" start="2024-08-12T13:39:46.738244" elapsed="0.704529"/>
</kw>
<status status="PASS" start="2024-08-12T13:39:39.128956" elapsed="8.313817"/>
</kw>
<kw name="Vyhledej Účet">
<kw name="Wait Until Element Is Visible" owner="SeleniumLibrary">
<arg>id:query</arg>
<arg>7 seconds</arg>
<doc>Waits until the element ``locator`` is visible.</doc>
<status status="PASS" start="2024-08-12T13:39:47.443769" elapsed="1.871949"/>
</kw>
<kw name="Input Text" owner="SeleniumLibrary">
<msg time="2024-08-12T13:39:49.315718" level="INFO">Typing text '6564277934' into text field 'id:query'.</msg>
<arg>id:query</arg>
<arg>${identifikační-číslo}</arg>
<doc>Types the given ``text`` into the text field identified by ``locator``.</doc>
<status status="PASS" start="2024-08-12T13:39:49.315718" elapsed="0.056599"/>
</kw>
<kw name="Click Button" owner="SeleniumLibrary">
<msg time="2024-08-12T13:39:49.373314" level="INFO">Clicking button 'class:btn.btn-primary.btn-icon'.</msg>
<arg>class:btn.btn-primary.btn-icon</arg>
<doc>Clicks the button identified by ``locator``.</doc>
<status status="PASS" start="2024-08-12T13:39:49.372317" elapsed="0.051812"/>
</kw>
<kw name="Wait Until Element Is Visible" owner="SeleniumLibrary">
<arg>xpath: //*[contains(text(), "${identifikační-číslo}")]</arg>
<arg>7 seconds</arg>
<doc>Waits until the element ``locator`` is visible.</doc>
<status status="PASS" start="2024-08-12T13:39:49.424129" elapsed="0.230779"/>
</kw>
<kw name="Click Element" owner="SeleniumLibrary">
<msg time="2024-08-12T13:39:49.654908" level="INFO">Clicking element 'xpath: //*[contains(text(), "6564277934")]'.</msg>
<arg>xpath: //*[contains(text(), "${identifikační-číslo}")]</arg>
<doc>Click the element identified by ``locator``.</doc>
<status status="PASS" start="2024-08-12T13:39:49.654908" elapsed="0.037900"/>
</kw>
<arg>${client-ID}</arg>
<status status="PASS" start="2024-08-12T13:39:47.443769" elapsed="2.250036"/>
</kw>
<kw name="Wait Until Element Is Visible" owner="SeleniumLibrary">
<arg>xpath: //*[contains(text(), "Sjednat")]</arg>
<arg>7 seconds</arg>
<doc>Waits until the element ``locator`` is visible.</doc>
<status status="PASS" start="2024-08-12T13:39:49.693805" elapsed="0.491221"/>
</kw>
<kw name="Click Element" owner="SeleniumLibrary">
<msg time="2024-08-12T13:39:50.185974" level="INFO">Clicking element 'xpath: //*[contains(text(), "Sjednat")]'.</msg>
<arg>xpath: //*[contains(text(), "Sjednat")]</arg>
<doc>Click the element identified by ``locator``.</doc>
<status status="PASS" start="2024-08-12T13:39:50.185026" elapsed="0.038305"/>
</kw>
<kw name="Wait Until Element Is Visible" owner="SeleniumLibrary">
<arg>id:phone</arg>
<arg>7 seconds</arg>
<doc>Waits until the element ``locator`` is visible.</doc>
<status status="PASS" start="2024-08-12T13:39:50.223331" elapsed="0.435405"/>
</kw>
<kw name="Generate Random String" owner="String">
<msg time="2024-08-12T13:39:50.658736" level="INFO">${telcislo} = 433954</msg>
<var>${telcislo}</var>
<arg>6</arg>
<arg>0123456789</arg>
<doc>Generates a string with a desired ``length`` from the given ``chars``.</doc>
<status status="PASS" start="2024-08-12T13:39:50.658736" elapsed="0.000000"/>
</kw>
<kw name="Set Global Variable" owner="BuiltIn">
<msg time="2024-08-12T13:39:50.659733" level="INFO">${telcislo} = 433954</msg>
<arg>${telcislo}</arg>
<doc>Makes a variable available globally in all tests and suites.</doc>
<status status="PASS" start="2024-08-12T13:39:50.659733" elapsed="0.000000"/>
</kw>
<kw name="Input Text" owner="SeleniumLibrary">
<msg time="2024-08-12T13:39:50.659733" level="INFO">Typing text '608433954' into text field 'id:phone'.</msg>
<arg>id:phone</arg>
<arg>608${telcislo}</arg>
<doc>Types the given ``text`` into the text field identified by ``locator``.</doc>
<status status="PASS" start="2024-08-12T13:39:50.659733" elapsed="0.054854"/>
</kw>
<kw name="Input Text" owner="SeleniumLibrary">
<msg time="2024-08-12T13:39:50.715584" level="INFO">Typing text 'robotframework@gmail.com' into text field 'id:email'.</msg>
<arg>id:email</arg>
<arg>robotframework@gmail.com</arg>
<doc>Types the given ``text`` into the text field identified by ``locator``.</doc>
<status status="PASS" start="2024-08-12T13:39:50.715584" elapsed="0.087764"/>
</kw>
<kw name="Sleep" owner="BuiltIn">
<msg time="2024-08-12T13:39:51.803930" level="INFO">Slept 1 second.</msg>
<arg>1 second</arg>
<doc>Pauses the test executed for the given time.</doc>
<status status="PASS" start="2024-08-12T13:39:50.803348" elapsed="1.000582"/>
</kw>
<kw name="Click Element" owner="SeleniumLibrary">
<msg time="2024-08-12T13:39:51.804967" level="INFO">Clicking element 'class:btn.btn-primary'.</msg>
<arg>class:btn.btn-primary</arg>
<doc>Click the element identified by ``locator``.</doc>
<status status="PASS" start="2024-08-12T13:39:51.803930" elapsed="0.100737"/>
</kw>
<kw name="Wait Until Element Is Visible" owner="SeleniumLibrary">
<arg>xpath: //*[contains(text(), "Dokument byl podepsán klientem.")]</arg>
<arg>7 seconds</arg>
<doc>Waits until the element ``locator`` is visible.</doc>
<status status="PASS" start="2024-08-12T13:39:51.904667" elapsed="0.018948"/>
</kw>
<kw name="Click Element" owner="SeleniumLibrary">
<msg time="2024-08-12T13:39:51.924613" level="INFO">Clicking element 'xpath: //*[contains(text(), "Dokument byl podepsán klientem.")]'.</msg>
<arg>xpath: //*[contains(text(), "Dokument byl podepsán klientem.")]</arg>
<doc>Click the element identified by ``locator``.</doc>
<status status="PASS" start="2024-08-12T13:39:51.924613" elapsed="0.034907"/>
</kw>
<kw name="Click Element" owner="SeleniumLibrary">
<msg time="2024-08-12T13:39:51.960516" level="INFO">Clicking element 'name:bu10453'.</msg>
<arg>name:bu10453</arg>
<doc>Click the element identified by ``locator``.</doc>
<status status="PASS" start="2024-08-12T13:39:51.960516" elapsed="0.035431"/>
</kw>
<kw name="Close All Browsers" owner="SeleniumLibrary">
<doc>Closes all open browsers and resets the browser cache.</doc>
<status status="PASS" start="2024-08-12T13:39:51.995947" elapsed="6.246183"/>
</kw>
<status status="PASS" start="2024-08-12T13:39:39.126350" elapsed="19.115780"/>
</kw>
<kw name="Aktivuj BH - ADMIN">
<kw name="Otevři KB Admin">
<kw name="Open Chrome With Disabled Search Engine Choice Screen">
<kw name="Evaluate" owner="BuiltIn">
<msg time="2024-08-12T13:39:58.253116" level="INFO">${options} = &lt;selenium.webdriver.chrome.options.Options object at 0x00000198AB585EE0&gt;</msg>
<var>${options}</var>
<arg>sys.modules['selenium.webdriver'].ChromeOptions()</arg>
<arg>sys, selenium.webdriver</arg>
<doc>Evaluates the given expression in Python and returns the result.</doc>
<status status="PASS" start="2024-08-12T13:39:58.252068" elapsed="0.002044"/>
</kw>
<kw name="Call Method" owner="BuiltIn">
<arg>${options}</arg>
<arg>add_argument</arg>
<arg>--disable-search-engine-choice-screen</arg>
<doc>Calls the named method of the given object with the provided arguments.</doc>
<status status="PASS" start="2024-08-12T13:39:58.254112" elapsed="0.000995"/>
</kw>
<kw name="Create Webdriver" owner="SeleniumLibrary">
<msg time="2024-08-12T13:39:58.257054" level="INFO">Creating an instance of the Chrome WebDriver.</msg>
<arg>Chrome</arg>
<arg>options=${options}</arg>
<doc>Creates an instance of Selenium WebDriver.</doc>
<status status="PASS" start="2024-08-12T13:39:58.256396" elapsed="1.437655"/>
</kw>
<kw name="Go To" owner="SeleniumLibrary">
<msg time="2024-08-12T13:39:59.694051" level="INFO">Opening url 'https://dev1-caas.kb.cz/'</msg>
<arg>${url}</arg>
<doc>Navigates the current browser window to the provided ``url``.</doc>
<status status="PASS" start="2024-08-12T13:39:59.694051" elapsed="0.172538"/>
</kw>
<arg>https://dev1-caas.kb.cz/</arg>
<status status="PASS" start="2024-08-12T13:39:58.251123" elapsed="1.615466"/>
</kw>
<kw name="Maximize Browser Window" owner="SeleniumLibrary">
<doc>Maximizes current browser window.</doc>
<status status="PASS" start="2024-08-12T13:39:59.866589" elapsed="0.026257"/>
</kw>
<kw name="Click Element" owner="SeleniumLibrary">
<msg time="2024-08-12T13:39:59.893520" level="INFO">Clicking element 'id:details-button'.</msg>
<arg>id:details-button</arg>
<doc>Click the element identified by ``locator``.</doc>
<status status="PASS" start="2024-08-12T13:39:59.892846" elapsed="0.073476"/>
</kw>
<kw name="Click Element" owner="SeleniumLibrary">
<msg time="2024-08-12T13:39:59.966322" level="INFO">Clicking element 'id:proceed-link'.</msg>
<arg>id:proceed-link</arg>
<doc>Click the element identified by ``locator``.</doc>
<status status="PASS" start="2024-08-12T13:39:59.966322" elapsed="0.422044"/>
</kw>
<kw name="Wait Until Element Is Visible" owner="SeleniumLibrary">
<arg>id:details-button</arg>
<arg>7 seconds</arg>
<doc>Waits until the element ``locator`` is visible.</doc>
<status status="PASS" start="2024-08-12T13:40:00.389364" elapsed="0.253919"/>
</kw>
<kw name="Click Element" owner="SeleniumLibrary">
<msg time="2024-08-12T13:40:00.643543" level="INFO">Clicking element 'id:details-button'.</msg>
<arg>id:details-button</arg>
<doc>Click the element identified by ``locator``.</doc>
<status status="PASS" start="2024-08-12T13:40:00.643543" elapsed="0.039166"/>
</kw>
<kw name="Click Element" owner="SeleniumLibrary">
<msg time="2024-08-12T13:40:00.682709" level="INFO">Clicking element 'id:proceed-link'.</msg>
<arg>id:proceed-link</arg>
<doc>Click the element identified by ``locator``.</doc>
<status status="PASS" start="2024-08-12T13:40:00.682709" elapsed="0.644988"/>
</kw>
<kw name="Wait Until Element Is Visible" owner="SeleniumLibrary">
<arg>id:details-button</arg>
<arg>7 seconds</arg>
<doc>Waits until the element ``locator`` is visible.</doc>
<status status="PASS" start="2024-08-12T13:40:01.327697" elapsed="3.949201"/>
</kw>
<kw name="Click Element" owner="SeleniumLibrary">
<msg time="2024-08-12T13:40:05.276898" level="INFO">Clicking element 'id:details-button'.</msg>
<arg>id:details-button</arg>
<doc>Click the element identified by ``locator``.</doc>
<status status="PASS" start="2024-08-12T13:40:05.276898" elapsed="0.041611"/>
</kw>
<kw name="Click Element" owner="SeleniumLibrary">
<msg time="2024-08-12T13:40:05.319510" level="INFO">Clicking element 'id:proceed-link'.</msg>
<arg>id:proceed-link</arg>
<doc>Click the element identified by ``locator``.</doc>
<status status="PASS" start="2024-08-12T13:40:05.318509" elapsed="0.219802"/>
</kw>
<kw name="Wait Until Element Is Visible" owner="SeleniumLibrary">
<arg>id:userNameInput</arg>
<arg>7 seconds</arg>
<doc>Waits until the element ``locator`` is visible.</doc>
<status status="PASS" start="2024-08-12T13:40:05.538311" elapsed="0.036056"/>
</kw>
<kw name="Input Text" owner="SeleniumLibrary">
<msg time="2024-08-12T13:40:05.574367" level="INFO">Typing text 'DSLAB\e_mvysko' into text field 'id:userNameInput'.</msg>
<arg>id:userNameInput</arg>
<arg>${username}</arg>
<doc>Types the given ``text`` into the text field identified by ``locator``.</doc>
<status status="PASS" start="2024-08-12T13:40:05.574367" elapsed="0.079786"/>
</kw>
<kw name="Click Element" owner="SeleniumLibrary">
<msg time="2024-08-12T13:40:05.655229" level="INFO">Clicking element 'id:nextButton'.</msg>
<arg>id:nextButton</arg>
<doc>Click the element identified by ``locator``.</doc>
<status status="PASS" start="2024-08-12T13:40:05.655229" elapsed="0.039020"/>
</kw>
<kw name="Input Text" owner="SeleniumLibrary">
<msg time="2024-08-12T13:40:05.695246" level="INFO">Typing text 'Pr0ject_NemlaZ_0002' into text field 'id:passwordInput'.</msg>
<arg>id:passwordInput</arg>
<arg>${password}</arg>
<doc>Types the given ``text`` into the text field identified by ``locator``.</doc>
<status status="PASS" start="2024-08-12T13:40:05.694249" elapsed="0.055276"/>
</kw>
<kw name="Click Element" owner="SeleniumLibrary">
<msg time="2024-08-12T13:40:05.750595" level="INFO">Clicking element 'id:submitButton'.</msg>
<arg>id:submitButton</arg>
<doc>Click the element identified by ``locator``.</doc>
<status status="PASS" start="2024-08-12T13:40:05.750523" elapsed="0.659175"/>
</kw>
<status status="PASS" start="2024-08-12T13:39:58.247228" elapsed="8.163499"/>
</kw>
<kw name="Vyhledej Účet">
<kw name="Wait Until Element Is Visible" owner="SeleniumLibrary">
<arg>id:query</arg>
<arg>7 seconds</arg>
<doc>Waits until the element ``locator`` is visible.</doc>
<status status="PASS" start="2024-08-12T13:40:06.410727" elapsed="1.756256"/>
</kw>
<kw name="Input Text" owner="SeleniumLibrary">
<msg time="2024-08-12T13:40:08.166983" level="INFO">Typing text '6564277934' into text field 'id:query'.</msg>
<arg>id:query</arg>
<arg>${identifikační-číslo}</arg>
<doc>Types the given ``text`` into the text field identified by ``locator``.</doc>
<status status="PASS" start="2024-08-12T13:40:08.166983" elapsed="0.063118"/>
</kw>
<kw name="Click Button" owner="SeleniumLibrary">
<msg time="2024-08-12T13:40:08.231097" level="INFO">Clicking button 'class:btn.btn-primary.btn-icon'.</msg>
<arg>class:btn.btn-primary.btn-icon</arg>
<doc>Clicks the button identified by ``locator``.</doc>
<status status="PASS" start="2024-08-12T13:40:08.230101" elapsed="0.051299"/>
</kw>
<kw name="Wait Until Element Is Visible" owner="SeleniumLibrary">
<arg>xpath: //*[contains(text(), "${identifikační-číslo}")]</arg>
<arg>7 seconds</arg>
<doc>Waits until the element ``locator`` is visible.</doc>
<status status="PASS" start="2024-08-12T13:40:08.282398" elapsed="0.230047"/>
</kw>
<kw name="Click Element" owner="SeleniumLibrary">
<msg time="2024-08-12T13:40:08.512445" level="INFO">Clicking element 'xpath: //*[contains(text(), "6564277934")]'.</msg>
<arg>xpath: //*[contains(text(), "${identifikační-číslo}")]</arg>
<doc>Click the element identified by ``locator``.</doc>
<status status="PASS" start="2024-08-12T13:40:08.512445" elapsed="0.035925"/>
</kw>
<arg>${client-id}</arg>
<status status="PASS" start="2024-08-12T13:40:06.410727" elapsed="2.137643"/>
</kw>
<kw name="Podepsání Smlouvy">
<kw name="Wait Until Element Is Visible" owner="SeleniumLibrary">
<arg>class:kb-linkbox__inner</arg>
<doc>Waits until the element ``locator`` is visible.</doc>
<status status="PASS" start="2024-08-12T13:40:08.549391" elapsed="0.471280"/>
</kw>
<kw name="Click Element" owner="SeleniumLibrary">
<msg time="2024-08-12T13:40:09.021713" level="INFO">Clicking element 'xpath: //*[contains(text(), "Bezpečnostní heslo")]'.</msg>
<arg>xpath: //*[contains(text(), "Bezpečnostní heslo")]</arg>
<doc>Click the element identified by ``locator``.</doc>
<status status="PASS" start="2024-08-12T13:40:09.021713" elapsed="0.099689"/>
</kw>
<kw name="Wait Until Element Is Enabled" owner="SeleniumLibrary">
<arg>id:signed</arg>
<doc>Waits until the element ``locator`` is enabled.</doc>
<status status="PASS" start="2024-08-12T13:40:09.121402" elapsed="0.451886"/>
</kw>
<kw name="Click Element" owner="SeleniumLibrary">
<msg time="2024-08-12T13:40:09.574286" level="INFO">Clicking element 'class:btn.btn-primary'.</msg>
<arg>class:btn.btn-primary</arg>
<doc>Click the element identified by ``locator``.</doc>
<status status="PASS" start="2024-08-12T13:40:09.573288" elapsed="0.046875"/>
</kw>
<kw name="Wait Until Element Is Visible" owner="SeleniumLibrary">
<arg>xpath: //*[contains(text(), "Dokument byl podepsán klientem.")]</arg>
<arg>7 seconds</arg>
<doc>Waits until the element ``locator`` is visible.</doc>
<status status="PASS" start="2024-08-12T13:40:09.620163" elapsed="0.019946"/>
</kw>
<kw name="Click Element" owner="SeleniumLibrary">
<msg time="2024-08-12T13:40:09.641106" level="INFO">Clicking element 'xpath=//*[contains(text(), "Dokument byl podepsán klientem.")]'.</msg>
<arg>xpath=//*[contains(text(), "Dokument byl podepsán klientem.")]</arg>
<doc>Click the element identified by ``locator``.</doc>
<status status="PASS" start="2024-08-12T13:40:09.640109" elapsed="0.033910"/>
</kw>
<kw name="Wait Until Element Is Visible" owner="SeleniumLibrary">
<arg>xpath: //*[contains(text(), "Zpracovat")]</arg>
<arg>7 seconds</arg>
<doc>Waits until the element ``locator`` is visible.</doc>
<status status="PASS" start="2024-08-12T13:40:09.674019" elapsed="0.019029"/>
</kw>
<kw name="Click Element" owner="SeleniumLibrary">
<msg time="2024-08-12T13:40:09.693048" level="INFO">Clicking element 'xpath=//*[contains(text(), "Zpracovat")]'.</msg>
<arg>xpath=//*[contains(text(), "Zpracovat")]</arg>
<doc>Click the element identified by ``locator``.</doc>
<status status="PASS" start="2024-08-12T13:40:09.693048" elapsed="0.034908"/>
</kw>
<status status="PASS" start="2024-08-12T13:40:08.549391" elapsed="1.178565"/>
</kw>
<kw name="Wait Until Element Is Visible" owner="SeleniumLibrary">
<arg>xpath=(//strong[contains(@class, 'kb-h-semibold') and contains(@class, 'kb-h-font--bigger')])[2]</arg>
<doc>Waits until the element ``locator`` is visible.</doc>
<status status="PASS" start="2024-08-12T13:40:09.728953" elapsed="0.674585"/>
</kw>
<kw name="Get Text" owner="SeleniumLibrary">
<msg time="2024-08-12T13:40:10.421490" level="INFO">${unique-code} = 156360681</msg>
<var>${unique-code}</var>
<arg>xpath=(//strong[contains(@class, 'kb-h-semibold') and contains(@class, 'kb-h-font--bigger')])[2]</arg>
<doc>Returns the text value of the element identified by ``locator``.</doc>
<status status="PASS" start="2024-08-12T13:40:10.404537" elapsed="0.016953"/>
</kw>
<kw name="Close Browser" owner="SeleniumLibrary">
<doc>Closes the current browser.</doc>
<status status="PASS" start="2024-08-12T13:40:10.421490" elapsed="2.112570"/>
</kw>
<kw name="Otevři Můj Profil - login page">
<kw name="Open Chrome With Disabled Search Engine Choice Screen - incognito">
<kw name="Evaluate" owner="BuiltIn">
<msg time="2024-08-12T13:40:12.536055" level="INFO">${options} = &lt;selenium.webdriver.chrome.options.Options object at 0x00000198AB584B60&gt;</msg>
<var>${options}</var>
<arg>sys.modules['selenium.webdriver'].ChromeOptions()</arg>
<arg>sys, selenium.webdriver</arg>
<doc>Evaluates the given expression in Python and returns the result.</doc>
<status status="PASS" start="2024-08-12T13:40:12.536055" elapsed="0.000998"/>
</kw>
<kw name="Call Method" owner="BuiltIn">
<arg>${options}</arg>
<arg>add_argument</arg>
<arg>--disable-search-engine-choice-screen</arg>
<doc>Calls the named method of the given object with the provided arguments.</doc>
<status status="PASS" start="2024-08-12T13:40:12.537053" elapsed="0.000000"/>
</kw>
<kw name="Call Method" owner="BuiltIn">
<arg>${options}</arg>
<arg>add_argument</arg>
<arg>--incognito</arg>
<doc>Calls the named method of the given object with the provided arguments.</doc>
<status status="PASS" start="2024-08-12T13:40:12.538050" elapsed="0.000000"/>
</kw>
<kw name="Create Webdriver" owner="SeleniumLibrary">
<msg time="2024-08-12T13:40:12.539047" level="INFO">Creating an instance of the Chrome WebDriver.</msg>
<arg>Chrome</arg>
<arg>options=${options}</arg>
<doc>Creates an instance of Selenium WebDriver.</doc>
<status status="PASS" start="2024-08-12T13:40:12.539047" elapsed="1.357930"/>
</kw>
<kw name="Go To" owner="SeleniumLibrary">
<msg time="2024-08-12T13:40:13.897566" level="INFO">Opening url 'https://dev1-login.kb.cz/'</msg>
<arg>${url}</arg>
<doc>Navigates the current browser window to the provided ``url``.</doc>
<status status="PASS" start="2024-08-12T13:40:13.897566" elapsed="0.231790"/>
</kw>
<arg>https://dev1-login.kb.cz/</arg>
<status status="PASS" start="2024-08-12T13:40:12.535058" elapsed="1.594298"/>
</kw>
<kw name="Maximize Browser Window" owner="SeleniumLibrary">
<doc>Maximizes current browser window.</doc>
<status status="PASS" start="2024-08-12T13:40:14.130353" elapsed="0.023937"/>
</kw>
<kw name="Handshake">
<kw name="Element Click">
<kw name="Run Keyword If" owner="BuiltIn">
<kw name="Wait Until Element Is Visible" owner="SeleniumLibrary">
<arg>${locator}</arg>
<arg>10 seconds</arg>
<doc>Waits until the element ``locator`` is visible.</doc>
<status status="PASS" start="2024-08-12T13:40:14.156285" elapsed="0.037902"/>
</kw>
<arg>'${library}' == 'SeleniumLibrary'</arg>
<arg>SeleniumLibrary.Wait Until Element Is Visible</arg>
<arg>${locator}</arg>
<arg>10 seconds</arg>
<arg>ELSE IF</arg>
<arg>'${library}' == 'AppiumLibrary'</arg>
<arg>AppiumLibrary.Wait Until Element Is Visible</arg>
<arg>${locator}</arg>
<arg>10 seconds</arg>
<doc>Runs the given keyword with the given arguments, if ``condition`` is true.</doc>
<status status="PASS" start="2024-08-12T13:40:14.156285" elapsed="0.037902"/>
</kw>
<kw name="Run Keyword If" owner="BuiltIn">
<kw name="Click Element" owner="SeleniumLibrary">
<msg time="2024-08-12T13:40:14.195184" level="INFO">Clicking element 'xpath=//*[@id="details-button"]'.</msg>
<arg>${locator}</arg>
<doc>Click the element identified by ``locator``.</doc>
<status status="PASS" start="2024-08-12T13:40:14.195184" elapsed="0.054857"/>
</kw>
<arg>'${library}' == 'SeleniumLibrary'</arg>
<arg>SeleniumLibrary.Click Element</arg>
<arg>${locator}</arg>
<arg>ELSE IF</arg>
<arg>'${library}' == 'AppiumLibrary'</arg>
<arg>AppiumLibrary.Click Element</arg>
<arg>${locator}</arg>
<doc>Runs the given keyword with the given arguments, if ``condition`` is true.</doc>
<status status="PASS" start="2024-08-12T13:40:14.195184" elapsed="0.055856"/>
</kw>
<arg>xpath=//*[@id="details-button"]</arg>
<arg>SeleniumLibrary</arg>
<status status="PASS" start="2024-08-12T13:40:14.155287" elapsed="0.095753"/>
</kw>
<kw name="Element Click">
<kw name="Run Keyword If" owner="BuiltIn">
<kw name="Wait Until Element Is Visible" owner="SeleniumLibrary">
<arg>${locator}</arg>
<arg>10 seconds</arg>
<doc>Waits until the element ``locator`` is visible.</doc>
<status status="PASS" start="2024-08-12T13:40:14.253031" elapsed="0.025930"/>
</kw>
<arg>'${library}' == 'SeleniumLibrary'</arg>
<arg>SeleniumLibrary.Wait Until Element Is Visible</arg>
<arg>${locator}</arg>
<arg>10 seconds</arg>
<arg>ELSE IF</arg>
<arg>'${library}' == 'AppiumLibrary'</arg>
<arg>AppiumLibrary.Wait Until Element Is Visible</arg>
<arg>${locator}</arg>
<arg>10 seconds</arg>
<doc>Runs the given keyword with the given arguments, if ``condition`` is true.</doc>
<status status="PASS" start="2024-08-12T13:40:14.252034" elapsed="0.026927"/>
</kw>
<kw name="Run Keyword If" owner="BuiltIn">
<kw name="Click Element" owner="SeleniumLibrary">
<msg time="2024-08-12T13:40:14.280998" level="INFO">Clicking element 'xpath=//*[@id="proceed-link"]'.</msg>
<arg>${locator}</arg>
<doc>Click the element identified by ``locator``.</doc>
<status status="PASS" start="2024-08-12T13:40:14.279958" elapsed="0.616699"/>
</kw>
<arg>'${library}' == 'SeleniumLibrary'</arg>
<arg>SeleniumLibrary.Click Element</arg>
<arg>${locator}</arg>
<arg>ELSE IF</arg>
<arg>'${library}' == 'AppiumLibrary'</arg>
<arg>AppiumLibrary.Click Element</arg>
<arg>${locator}</arg>
<doc>Runs the given keyword with the given arguments, if ``condition`` is true.</doc>
<status status="PASS" start="2024-08-12T13:40:14.279958" elapsed="0.616699"/>
</kw>
<arg>xpath=//*[@id="proceed-link"]</arg>
<arg>SeleniumLibrary</arg>
<status status="PASS" start="2024-08-12T13:40:14.251040" elapsed="0.646617"/>
</kw>
<kw name="Element Click">
<kw name="Run Keyword If" owner="BuiltIn">
<kw name="Wait Until Element Is Visible" owner="SeleniumLibrary">
<arg>${locator}</arg>
<arg>10 seconds</arg>
<doc>Waits until the element ``locator`` is visible.</doc>
<status status="PASS" start="2024-08-12T13:40:14.898652" elapsed="0.838342"/>
</kw>
<arg>'${library}' == 'SeleniumLibrary'</arg>
<arg>SeleniumLibrary.Wait Until Element Is Visible</arg>
<arg>${locator}</arg>
<arg>10 seconds</arg>
<arg>ELSE IF</arg>
<arg>'${library}' == 'AppiumLibrary'</arg>
<arg>AppiumLibrary.Wait Until Element Is Visible</arg>
<arg>${locator}</arg>
<arg>10 seconds</arg>
<doc>Runs the given keyword with the given arguments, if ``condition`` is true.</doc>
<status status="PASS" start="2024-08-12T13:40:14.897657" elapsed="0.839337"/>
</kw>
<kw name="Run Keyword If" owner="BuiltIn">
<kw name="Click Element" owner="SeleniumLibrary">
<msg time="2024-08-12T13:40:15.737989" level="INFO">Clicking element 'xpath=//*[@id="details-button"]'.</msg>
<arg>${locator}</arg>
<doc>Click the element identified by ``locator``.</doc>
<status status="PASS" start="2024-08-12T13:40:15.737989" elapsed="0.040858"/>
</kw>
<arg>'${library}' == 'SeleniumLibrary'</arg>
<arg>SeleniumLibrary.Click Element</arg>
<arg>${locator}</arg>
<arg>ELSE IF</arg>
<arg>'${library}' == 'AppiumLibrary'</arg>
<arg>AppiumLibrary.Click Element</arg>
<arg>${locator}</arg>
<doc>Runs the given keyword with the given arguments, if ``condition`` is true.</doc>
<status status="PASS" start="2024-08-12T13:40:15.737555" elapsed="0.041292"/>
</kw>
<arg>xpath=//*[@id="details-button"]</arg>
<arg>SeleniumLibrary</arg>
<status status="PASS" start="2024-08-12T13:40:14.897657" elapsed="0.881190"/>
</kw>
<kw name="Element Click">
<kw name="Run Keyword If" owner="BuiltIn">
<kw name="Wait Until Element Is Visible" owner="SeleniumLibrary">
<arg>${locator}</arg>
<arg>10 seconds</arg>
<doc>Waits until the element ``locator`` is visible.</doc>
<status status="PASS" start="2024-08-12T13:40:15.779845" elapsed="0.021568"/>
</kw>
<arg>'${library}' == 'SeleniumLibrary'</arg>
<arg>SeleniumLibrary.Wait Until Element Is Visible</arg>
<arg>${locator}</arg>
<arg>10 seconds</arg>
<arg>ELSE IF</arg>
<arg>'${library}' == 'AppiumLibrary'</arg>
<arg>AppiumLibrary.Wait Until Element Is Visible</arg>
<arg>${locator}</arg>
<arg>10 seconds</arg>
<doc>Runs the given keyword with the given arguments, if ``condition`` is true.</doc>
<status status="PASS" start="2024-08-12T13:40:15.779845" elapsed="0.021568"/>
</kw>
<kw name="Run Keyword If" owner="BuiltIn">
<kw name="Click Element" owner="SeleniumLibrary">
<msg time="2024-08-12T13:40:15.802410" level="INFO">Clicking element 'xpath=//*[@id="proceed-link"]'.</msg>
<arg>${locator}</arg>
<doc>Click the element identified by ``locator``.</doc>
<status status="PASS" start="2024-08-12T13:40:15.801413" elapsed="0.338352"/>
</kw>
<arg>'${library}' == 'SeleniumLibrary'</arg>
<arg>SeleniumLibrary.Click Element</arg>
<arg>${locator}</arg>
<arg>ELSE IF</arg>
<arg>'${library}' == 'AppiumLibrary'</arg>
<arg>AppiumLibrary.Click Element</arg>
<arg>${locator}</arg>
<doc>Runs the given keyword with the given arguments, if ``condition`` is true.</doc>
<status status="PASS" start="2024-08-12T13:40:15.801413" elapsed="0.338352"/>
</kw>
<arg>xpath=//*[@id="proceed-link"]</arg>
<arg>SeleniumLibrary</arg>
<status status="PASS" start="2024-08-12T13:40:15.779845" elapsed="0.359920"/>
</kw>
<status status="PASS" start="2024-08-12T13:40:14.155287" elapsed="1.984478"/>
</kw>
<status status="PASS" start="2024-08-12T13:40:12.535058" elapsed="3.604707"/>
</kw>
<kw name="Wait Until Element Is Visible" owner="SeleniumLibrary">
<arg>id=login</arg>
<arg>5 seconds</arg>
<doc>Waits until the element ``locator`` is visible.</doc>
<status status="PASS" start="2024-08-12T13:40:16.139765" elapsed="0.259855"/>
</kw>
<kw name="Select Frame" owner="SeleniumLibrary">
<msg time="2024-08-12T13:40:16.400616" level="INFO">Selecting frame 'id=login'.</msg>
<arg>id=login</arg>
<doc>Sets frame identified by ``locator`` as the current frame.</doc>
<status status="PASS" start="2024-08-12T13:40:16.399620" elapsed="0.400155"/>
</kw>
<kw name="Sleep" owner="BuiltIn">
<msg time="2024-08-12T13:40:17.800913" level="INFO">Slept 1 second.</msg>
<arg>1 seconds</arg>
<doc>Pauses the test executed for the given time.</doc>
<status status="PASS" start="2024-08-12T13:40:16.800805" elapsed="1.000285"/>
</kw>
<kw name="Wait Until Element Is Visible" owner="SeleniumLibrary">
<arg>xpath=//*[@id="name"]</arg>
<doc>Waits until the element ``locator`` is visible.</doc>
<status status="PASS" start="2024-08-12T13:40:17.801090" elapsed="0.030785"/>
</kw>
<kw name="Input Text" owner="SeleniumLibrary">
<msg time="2024-08-12T13:40:17.832873" level="INFO">Typing text '6564277934' into text field 'xpath=//*[@id="name"]'.</msg>
<arg>xpath=//*[@id="name"]</arg>
<arg>${client-ID}</arg>
<doc>Types the given ``text`` into the text field identified by ``locator``.</doc>
<status status="PASS" start="2024-08-12T13:40:17.831875" elapsed="0.070624"/>
</kw>
<kw name="Element Click">
<kw name="Run Keyword If" owner="BuiltIn">
<kw name="Wait Until Element Is Visible" owner="SeleniumLibrary">
<arg>${locator}</arg>
<arg>10 seconds</arg>
<doc>Waits until the element ``locator`` is visible.</doc>
<status status="PASS" start="2024-08-12T13:40:17.903499" elapsed="0.019944"/>
</kw>
<arg>'${library}' == 'SeleniumLibrary'</arg>
<arg>SeleniumLibrary.Wait Until Element Is Visible</arg>
<arg>${locator}</arg>
<arg>10 seconds</arg>
<arg>ELSE IF</arg>
<arg>'${library}' == 'AppiumLibrary'</arg>
<arg>AppiumLibrary.Wait Until Element Is Visible</arg>
<arg>${locator}</arg>
<arg>10 seconds</arg>
<doc>Runs the given keyword with the given arguments, if ``condition`` is true.</doc>
<status status="PASS" start="2024-08-12T13:40:17.903499" elapsed="0.019944"/>
</kw>
<kw name="Run Keyword If" owner="BuiltIn">
<kw name="Click Element" owner="SeleniumLibrary">
<msg time="2024-08-12T13:40:17.924474" level="INFO">Clicking element 'xpath=//*[contains(text(), "Pokračovat")]'.</msg>
<arg>${locator}</arg>
<doc>Click the element identified by ``locator``.</doc>
<status status="PASS" start="2024-08-12T13:40:17.924474" elapsed="0.074820"/>
</kw>
<arg>'${library}' == 'SeleniumLibrary'</arg>
<arg>SeleniumLibrary.Click Element</arg>
<arg>${locator}</arg>
<arg>ELSE IF</arg>
<arg>'${library}' == 'AppiumLibrary'</arg>
<arg>AppiumLibrary.Click Element</arg>
<arg>${locator}</arg>
<doc>Runs the given keyword with the given arguments, if ``condition`` is true.</doc>
<status status="PASS" start="2024-08-12T13:40:17.923443" elapsed="0.075851"/>
</kw>
<arg>xpath=//*[contains(text(), "Pokračovat")]</arg>
<arg>SeleniumLibrary</arg>
<status status="PASS" start="2024-08-12T13:40:17.903499" elapsed="0.096740"/>
</kw>
<kw name="Wait Until Element Is Visible" owner="SeleniumLibrary">
<arg>xpath=//*[@id="otp"]</arg>
<doc>Waits until the element ``locator`` is visible.</doc>
<status status="PASS" start="2024-08-12T13:40:18.000239" elapsed="0.479038"/>
</kw>
<kw name="Input Text" owner="SeleniumLibrary">
<msg time="2024-08-12T13:40:18.480836" level="INFO">Typing text '156360681' into text field 'xpath=//*[@id="otp"]'.</msg>
<arg>xpath=//*[@id="otp"]</arg>
<arg>${unique-code}</arg>
<doc>Types the given ``text`` into the text field identified by ``locator``.</doc>
<status status="PASS" start="2024-08-12T13:40:18.480270" elapsed="0.062832"/>
</kw>
<kw name="Element Click">
<kw name="Run Keyword If" owner="BuiltIn">
<kw name="Wait Until Element Is Visible" owner="SeleniumLibrary">
<arg>${locator}</arg>
<arg>10 seconds</arg>
<doc>Waits until the element ``locator`` is visible.</doc>
<status status="PASS" start="2024-08-12T13:40:18.544099" elapsed="0.020944"/>
</kw>
<arg>'${library}' == 'SeleniumLibrary'</arg>
<arg>SeleniumLibrary.Wait Until Element Is Visible</arg>
<arg>${locator}</arg>
<arg>10 seconds</arg>
<arg>ELSE IF</arg>
<arg>'${library}' == 'AppiumLibrary'</arg>
<arg>AppiumLibrary.Wait Until Element Is Visible</arg>
<arg>${locator}</arg>
<arg>10 seconds</arg>
<doc>Runs the given keyword with the given arguments, if ``condition`` is true.</doc>
<status status="PASS" start="2024-08-12T13:40:18.543319" elapsed="0.022805"/>
</kw>
<kw name="Run Keyword If" owner="BuiltIn">
<kw name="Click Element" owner="SeleniumLibrary">
<msg time="2024-08-12T13:40:18.567038" level="INFO">Clicking element 'xpath=//*[contains(text(), "Potvrdit")]'.</msg>
<arg>${locator}</arg>
<doc>Click the element identified by ``locator``.</doc>
<status status="PASS" start="2024-08-12T13:40:18.566124" elapsed="0.064105"/>
</kw>
<arg>'${library}' == 'SeleniumLibrary'</arg>
<arg>SeleniumLibrary.Click Element</arg>
<arg>${locator}</arg>
<arg>ELSE IF</arg>
<arg>'${library}' == 'AppiumLibrary'</arg>
<arg>AppiumLibrary.Click Element</arg>
<arg>${locator}</arg>
<doc>Runs the given keyword with the given arguments, if ``condition`` is true.</doc>
<status status="PASS" start="2024-08-12T13:40:18.566124" elapsed="0.064105"/>
</kw>
<arg>xpath=//*[contains(text(), "Potvrdit")]</arg>
<arg>SeleniumLibrary</arg>
<status status="PASS" start="2024-08-12T13:40:18.543319" elapsed="0.088067"/>
</kw>
<kw name="Unselect Frame" owner="SeleniumLibrary">
<doc>Sets the main frame as the current frame.</doc>
<status status="PASS" start="2024-08-12T13:40:18.631386" elapsed="0.002864"/>
</kw>
<kw name="Execute Javascript" owner="SeleniumLibrary">
<msg time="2024-08-12T13:40:18.634250" level="INFO">Executing JavaScript:
window.open('https://dev1-caas.kb.cz/otptestaccess', '_blank');
Without any arguments.</msg>
<arg>window.open('https://dev1-caas.kb.cz/otptestaccess', '_blank');</arg>
<doc>Executes the given JavaScript code with possible arguments.</doc>
<status status="PASS" start="2024-08-12T13:40:18.634250" elapsed="0.026896"/>
</kw>
<kw name="Maximize Browser Window" owner="SeleniumLibrary">
<doc>Maximizes current browser window.</doc>
<status status="PASS" start="2024-08-12T13:40:18.662146" elapsed="0.003985"/>
</kw>
<kw name="Switch Window" owner="SeleniumLibrary">
<arg>url=https://dev1-caas.kb.cz/otptestaccess</arg>
<doc>Switches to browser window matching ``locator``.</doc>
<status status="PASS" start="2024-08-12T13:40:18.666131" elapsed="3.112414"/>
</kw>
<kw name="Click Element" owner="SeleniumLibrary">
<msg time="2024-08-12T13:40:21.778545" level="INFO">Clicking element 'id:details-button'.</msg>
<arg>id:details-button</arg>
<doc>Click the element identified by ``locator``.</doc>
<status status="PASS" start="2024-08-12T13:40:21.778545" elapsed="0.042885"/>
</kw>
<kw name="Click Element" owner="SeleniumLibrary">
<msg time="2024-08-12T13:40:21.822427" level="INFO">Clicking element 'id:proceed-link'.</msg>
<arg>id:proceed-link</arg>
<doc>Click the element identified by ``locator``.</doc>
<status status="PASS" start="2024-08-12T13:40:21.822427" elapsed="0.407654"/>
</kw>
<kw name="Wait Until Element Is Visible" owner="SeleniumLibrary">
<arg>class:btn.btn-secondary</arg>
<doc>Waits until the element ``locator`` is visible.</doc>
<status status="PASS" start="2024-08-12T13:40:22.230081" elapsed="0.071603"/>
</kw>
<kw name="Element Click">
<kw name="Run Keyword If" owner="BuiltIn">
<kw name="Wait Until Element Is Visible" owner="SeleniumLibrary">
<arg>${locator}</arg>
<arg>10 seconds</arg>
<doc>Waits until the element ``locator`` is visible.</doc>
<status status="PASS" start="2024-08-12T13:40:22.302902" elapsed="0.022210"/>
</kw>
<arg>'${library}' == 'SeleniumLibrary'</arg>
<arg>SeleniumLibrary.Wait Until Element Is Visible</arg>
<arg>${locator}</arg>
<arg>10 seconds</arg>
<arg>ELSE IF</arg>
<arg>'${library}' == 'AppiumLibrary'</arg>
<arg>AppiumLibrary.Wait Until Element Is Visible</arg>
<arg>${locator}</arg>
<arg>10 seconds</arg>
<doc>Runs the given keyword with the given arguments, if ``condition`` is true.</doc>
<status status="PASS" start="2024-08-12T13:40:22.302902" elapsed="0.022806"/>
</kw>
<kw name="Run Keyword If" owner="BuiltIn">
<kw name="Click Element" owner="SeleniumLibrary">
<msg time="2024-08-12T13:40:22.326706" level="INFO">Clicking element 'class:btn.btn-secondary'.</msg>
<arg>${locator}</arg>
<doc>Click the element identified by ``locator``.</doc>
<status status="PASS" start="2024-08-12T13:40:22.325708" elapsed="0.038060"/>
</kw>
<arg>'${library}' == 'SeleniumLibrary'</arg>
<arg>SeleniumLibrary.Click Element</arg>
<arg>${locator}</arg>
<arg>ELSE IF</arg>
<arg>'${library}' == 'AppiumLibrary'</arg>
<arg>AppiumLibrary.Click Element</arg>
<arg>${locator}</arg>
<doc>Runs the given keyword with the given arguments, if ``condition`` is true.</doc>
<status status="PASS" start="2024-08-12T13:40:22.325708" elapsed="0.039056"/>
</kw>
<arg>class:btn.btn-secondary</arg>
<arg>SeleniumLibrary</arg>
<status status="PASS" start="2024-08-12T13:40:22.302391" elapsed="0.062373"/>
</kw>
<kw name="Element Click">
<kw name="Run Keyword If" owner="BuiltIn">
<kw name="Wait Until Element Is Visible" owner="SeleniumLibrary">
<arg>${locator}</arg>
<arg>10 seconds</arg>
<doc>Waits until the element ``locator`` is visible.</doc>
<status status="PASS" start="2024-08-12T13:40:22.365761" elapsed="0.944575"/>
</kw>
<arg>'${library}' == 'SeleniumLibrary'</arg>
<arg>SeleniumLibrary.Wait Until Element Is Visible</arg>
<arg>${locator}</arg>
<arg>10 seconds</arg>
<arg>ELSE IF</arg>
<arg>'${library}' == 'AppiumLibrary'</arg>
<arg>AppiumLibrary.Wait Until Element Is Visible</arg>
<arg>${locator}</arg>
<arg>10 seconds</arg>
<doc>Runs the given keyword with the given arguments, if ``condition`` is true.</doc>
<status status="PASS" start="2024-08-12T13:40:22.365761" elapsed="0.945622"/>
</kw>
<kw name="Run Keyword If" owner="BuiltIn">
<kw name="Click Element" owner="SeleniumLibrary">
<msg time="2024-08-12T13:40:23.314324" level="INFO">Clicking element 'xpath: //*[contains(text(), "6564277934")]'.</msg>
<arg>${locator}</arg>
<doc>Click the element identified by ``locator``.</doc>
<status status="PASS" start="2024-08-12T13:40:23.313331" elapsed="0.055569"/>
</kw>
<arg>'${library}' == 'SeleniumLibrary'</arg>
<arg>SeleniumLibrary.Click Element</arg>
<arg>${locator}</arg>
<arg>ELSE IF</arg>
<arg>'${library}' == 'AppiumLibrary'</arg>
<arg>AppiumLibrary.Click Element</arg>
<arg>${locator}</arg>
<doc>Runs the given keyword with the given arguments, if ``condition`` is true.</doc>
<status status="PASS" start="2024-08-12T13:40:23.312341" elapsed="0.056559"/>
</kw>
<arg>xpath: //*[contains(text(), "${client-ID}")]</arg>
<arg>SeleniumLibrary</arg>
<status status="PASS" start="2024-08-12T13:40:22.364764" elapsed="1.005132"/>
</kw>
<kw name="Wait Until Element Is Visible" owner="SeleniumLibrary">
<arg>class:form-control-static</arg>
<doc>Waits until the element ``locator`` is visible.</doc>
<status status="PASS" start="2024-08-12T13:40:23.369896" elapsed="0.223301"/>
</kw>
<kw name="Get Text" owner="SeleniumLibrary">
<msg time="2024-08-12T13:40:23.615139" level="INFO">${OTP2} = 244454 Copy OTP</msg>
<var>${OTP2}</var>
<arg>xpath=/html/body/caas-test-otp-access-app/div/sa-otp-detail/div[2]/div[6]/div/p</arg>
<doc>Returns the text value of the element identified by ``locator``.</doc>
<status status="PASS" start="2024-08-12T13:40:23.594195" elapsed="0.021949"/>
</kw>
<kw name="Set Variable" owner="BuiltIn">
<msg time="2024-08-12T13:40:23.616144" level="INFO">${OTP2} = 244454</msg>
<var>${OTP2}</var>
<arg>${OTP2}[0:6]</arg>
<doc>Returns the given values which can then be assigned to a variables.</doc>
<status status="PASS" start="2024-08-12T13:40:23.616144" elapsed="0.000000"/>
</kw>
<kw name="Switch Window" owner="SeleniumLibrary">
<arg>url=https://dev1-mujprofil.kb.cz/self-service/login</arg>
<doc>Switches to browser window matching ``locator``.</doc>
<status status="PASS" start="2024-08-12T13:40:23.616144" elapsed="0.036894"/>
</kw>
<kw name="Wait Until Element Is Visible" owner="SeleniumLibrary">
<arg>//iframe[@id='login']</arg>
<arg>timeout=10s</arg>
<doc>Waits until the element ``locator`` is visible.</doc>
<status status="PASS" start="2024-08-12T13:40:23.654037" elapsed="0.022936"/>
</kw>
<kw name="Sleep" owner="BuiltIn">
<msg time="2024-08-12T13:40:24.180603" level="INFO">Slept 500 milliseconds.</msg>
<arg>500 milliseconds</arg>
<doc>Pauses the test executed for the given time.</doc>
<status status="PASS" start="2024-08-12T13:40:23.677411" elapsed="0.503192"/>
</kw>
<kw name="Select Frame" owner="SeleniumLibrary">
<msg time="2024-08-12T13:40:24.182607" level="INFO">Selecting frame 'id=login'.</msg>
<arg>id=login</arg>
<doc>Sets frame identified by ``locator`` as the current frame.</doc>
<status status="PASS" start="2024-08-12T13:40:24.181611" elapsed="0.038066"/>
</kw>
<kw name="Input Text" owner="SeleniumLibrary">
