<?xml version="1.0" encoding="UTF-8"?>
<robot generator="Robot 7.0.1 (Python 3.12.4 on win32)" generated="2024-07-25T14:48:20.456305" rpa="false" schemaversion="5">
<suite id="s1" name="KB-Admin-Alt" source="c:\Users\tobias\projects\robotTestingAlt\KB-Admin-Alt.robot">
<test id="s1-t1" name="Aktivace BH(KB ADMIN)" line="203">
<kw name="Aktivuj KB Klíč">
<kw name="Open Application" owner="AppiumLibrary">
<arg>http://localhost:4723</arg>
<arg>platformName=Android</arg>
<arg>deviceName=emulator-5554</arg>
<arg>appPackage=cz.kb.paat.kbdev1</arg>
<arg>appActivity=cz.kb.paat.ui.MainActivity</arg>
<arg>automationName=UiAutomator2</arg>
<doc>Opens a new application to given Appium server.
Capabilities of appium server, Android and iOS,
Please check https://appium.io/docs/en/2.1/cli/args/
| *Option*            | *Man.* | *Description*     |
| remote_url          | Yes    | Appium server url |
| alias               | no     | alias             |
| strict_ssl          | No     | allows you to send commands to an invalid certificate host like a self-signed one. |</doc>
<status status="PASS" start="2024-07-25T14:48:20.758336" elapsed="9.505447"/>
</kw>
<kw name="Run Keyword And Ignore Error" owner="BuiltIn">
<kw name="Click Element" owner="AppiumLibrary">
<msg time="2024-07-25T14:48:30.265555" level="INFO">Clicking element 'id=cz.kb.paat.kbdev1:id/button_next'.</msg>
<msg time="2024-07-25T14:48:32.077326" level="INFO">criteria is cz.kb.paat.kbdev1:id/button_next</msg>
<arg>id=cz.kb.paat.kbdev1:id/button_next</arg>
<doc>Click element identified by `locator`.</doc>
<status status="PASS" start="2024-07-25T14:48:30.264778" elapsed="1.813548"/>
</kw>
<arg>AppiumLibrary.Click Element</arg>
<arg>id=cz.kb.paat.kbdev1:id/button_next</arg>
<doc>Runs the given keyword with the given arguments and ignores possible error.</doc>
<status status="PASS" start="2024-07-25T14:48:30.263783" elapsed="1.814581"/>
</kw>
<kw name="Run Keyword And Ignore Error" owner="BuiltIn">
<kw name="Click Element" owner="AppiumLibrary">
<msg time="2024-07-25T14:48:32.079323" level="INFO">Clicking element 'id=cz.kb.paat.kbdev1:id/button_next'.</msg>
<msg time="2024-07-25T14:48:32.263335" level="INFO">criteria is cz.kb.paat.kbdev1:id/button_next</msg>
<arg>id=cz.kb.paat.kbdev1:id/button_next</arg>
<doc>Click element identified by `locator`.</doc>
<status status="PASS" start="2024-07-25T14:48:32.078364" elapsed="0.185970"/>
</kw>
<arg>AppiumLibrary.Click Element</arg>
<arg>id=cz.kb.paat.kbdev1:id/button_next</arg>
<doc>Runs the given keyword with the given arguments and ignores possible error.</doc>
<status status="PASS" start="2024-07-25T14:48:32.078364" elapsed="0.185970"/>
</kw>
<kw name="Wait Until Page Contains Element" owner="AppiumLibrary">
<msg time="2024-07-25T14:48:33.206759" level="INFO">criteria is cz.kb.paat.kbdev1:id/button_manually
criteria is cz.kb.paat.kbdev1:id/button_manually</msg>
<arg>id=cz.kb.paat.kbdev1:id/button_manually</arg>
<doc>Waits until element specified with `locator` appears on current page.</doc>
<status status="PASS" start="2024-07-25T14:48:32.264334" elapsed="0.943690"/>
</kw>
<kw name="Click Element" owner="AppiumLibrary">
<msg time="2024-07-25T14:48:33.209540" level="INFO">Clicking element 'id=cz.kb.paat.kbdev1:id/button_manually'.</msg>
<msg time="2024-07-25T14:48:33.328401" level="INFO">criteria is cz.kb.paat.kbdev1:id/button_manually</msg>
<arg>id=cz.kb.paat.kbdev1:id/button_manually</arg>
<doc>Click element identified by `locator`.</doc>
<status status="PASS" start="2024-07-25T14:48:33.208024" elapsed="0.121447"/>
</kw>
<kw name="Open Browser" owner="SeleniumLibrary">
<msg time="2024-07-25T14:48:33.329471" level="INFO">Opening browser 'chrome' to base url 'https://dev1-caas.kb.cz/'.</msg>
<arg>https://dev1-caas.kb.cz/</arg>
<arg>chrome</arg>
<doc>Opens a new browser instance to the optional ``url``.</doc>
<status status="PASS" start="2024-07-25T14:48:33.329471" elapsed="1.709078"/>
</kw>
<kw name="Maximize Browser Window" owner="SeleniumLibrary">
<doc>Maximizes current browser window.</doc>
<status status="PASS" start="2024-07-25T14:48:35.038549" elapsed="0.032819"/>
</kw>
<kw name="Click Element" owner="SeleniumLibrary">
<msg time="2024-07-25T14:48:35.072496" level="INFO">Clicking element 'id:details-button'.</msg>
<arg>id:details-button</arg>
<doc>Click the element identified by ``locator``.</doc>
<status status="PASS" start="2024-07-25T14:48:35.071503" elapsed="0.092143"/>
</kw>
<kw name="Click Element" owner="SeleniumLibrary">
<msg time="2024-07-25T14:48:35.164981" level="INFO">Clicking element 'id:proceed-link'.</msg>
<arg>id:proceed-link</arg>
<doc>Click the element identified by ``locator``.</doc>
<status status="PASS" start="2024-07-25T14:48:35.164644" elapsed="0.582540"/>
</kw>
<kw name="Wait Until Element Is Visible" owner="SeleniumLibrary">
<arg>id:details-button</arg>
<arg>7 seconds</arg>
<doc>Waits until the element ``locator`` is visible.</doc>
<status status="PASS" start="2024-07-25T14:48:35.747184" elapsed="0.315189"/>
</kw>
<kw name="Click Element" owner="SeleniumLibrary">
<msg time="2024-07-25T14:48:36.063369" level="INFO">Clicking element 'id:details-button'.</msg>
<arg>id:details-button</arg>
<doc>Click the element identified by ``locator``.</doc>
<status status="PASS" start="2024-07-25T14:48:36.062373" elapsed="0.043408"/>
</kw>
<kw name="Click Element" owner="SeleniumLibrary">
<msg time="2024-07-25T14:48:36.106778" level="INFO">Clicking element 'id:proceed-link'.</msg>
<arg>id:proceed-link</arg>
<doc>Click the element identified by ``locator``.</doc>
<status status="PASS" start="2024-07-25T14:48:36.106778" elapsed="0.814467"/>
</kw>
<kw name="Wait Until Element Is Visible" owner="SeleniumLibrary">
<arg>id:details-button</arg>
<arg>7 seconds</arg>
<doc>Waits until the element ``locator`` is visible.</doc>
<status status="PASS" start="2024-07-25T14:48:36.921946" elapsed="4.085732"/>
</kw>
<kw name="Click Element" owner="SeleniumLibrary">
<msg time="2024-07-25T14:48:41.008929" level="INFO">Clicking element 'id:details-button'.</msg>
<arg>id:details-button</arg>
<doc>Click the element identified by ``locator``.</doc>
<status status="PASS" start="2024-07-25T14:48:41.008929" elapsed="0.045594"/>
</kw>
<kw name="Click Element" owner="SeleniumLibrary">
<msg time="2024-07-25T14:48:41.055039" level="INFO">Clicking element 'id:proceed-link'.</msg>
<arg>id:proceed-link</arg>
<doc>Click the element identified by ``locator``.</doc>
<status status="PASS" start="2024-07-25T14:48:41.054523" elapsed="0.288471"/>
</kw>
<kw name="Wait Until Element Is Visible" owner="SeleniumLibrary">
<arg>id:userNameInput</arg>
<arg>7 seconds</arg>
<doc>Waits until the element ``locator`` is visible.</doc>
<status status="PASS" start="2024-07-25T14:48:41.342994" elapsed="0.040500"/>
</kw>
<kw name="Input Text" owner="SeleniumLibrary">
<msg time="2024-07-25T14:48:41.385086" level="INFO">Typing text 'DSLAB\e_mvysko' into text field 'id:userNameInput'.</msg>
<arg>id:userNameInput</arg>
<arg>DSLAB\\e_mvysko</arg>
<doc>Types the given ``text`` into the text field identified by ``locator``.</doc>
<status status="PASS" start="2024-07-25T14:48:41.384493" elapsed="0.099535"/>
</kw>
<kw name="Click Element" owner="SeleniumLibrary">
<msg time="2024-07-25T14:48:41.484775" level="INFO">Clicking element 'id:nextButton'.</msg>
<arg>id:nextButton</arg>
<doc>Click the element identified by ``locator``.</doc>
<status status="PASS" start="2024-07-25T14:48:41.484028" elapsed="0.047140"/>
</kw>
<kw name="Input Text" owner="SeleniumLibrary">
<msg time="2024-07-25T14:48:41.532165" level="INFO">Typing text 'Pr0ject_NemlaZ_0002' into text field 'id:passwordInput'.</msg>
<arg>id:passwordInput</arg>
<arg>Pr0ject_NemlaZ_0002</arg>
<doc>Types the given ``text`` into the text field identified by ``locator``.</doc>
<status status="PASS" start="2024-07-25T14:48:41.531168" elapsed="0.070167"/>
</kw>
<kw name="Click Element" owner="SeleniumLibrary">
<msg time="2024-07-25T14:48:41.601335" level="INFO">Clicking element 'id:submitButton'.</msg>
<arg>id:submitButton</arg>
<doc>Click the element identified by ``locator``.</doc>
<status status="PASS" start="2024-07-25T14:48:41.601335" elapsed="0.728636"/>
</kw>
<kw name="Wait Until Element Is Visible" owner="SeleniumLibrary">
<arg>id:query</arg>
<arg>7 seconds</arg>
<doc>Waits until the element ``locator`` is visible.</doc>
<status status="PASS" start="2024-07-25T14:48:42.329971" elapsed="1.799395"/>
</kw>
<kw name="Input Text" owner="SeleniumLibrary">
<msg time="2024-07-25T14:48:44.130953" level="INFO">Typing text '' into text field 'id:query'.</msg>
<arg>id:query</arg>
<arg>${client-ID}</arg>
<doc>Types the given ``text`` into the text field identified by ``locator``.</doc>
<status status="PASS" start="2024-07-25T14:48:44.130401" elapsed="0.077604"/>
</kw>
<kw name="Click Button" owner="SeleniumLibrary">
<msg time="2024-07-25T14:48:44.209002" level="INFO">Clicking button 'class:btn.btn-primary.btn-icon'.</msg>
<arg>class:btn.btn-primary.btn-icon</arg>
<doc>Clicks the button identified by ``locator``.</doc>
<status status="PASS" start="2024-07-25T14:48:44.209002" elapsed="0.083622"/>
</kw>
<kw name="Wait Until Element Is Visible" owner="SeleniumLibrary">
<arg>xpath: //*[contains(text(), "${client-ID}")]</arg>
<arg>7 seconds</arg>
<doc>Waits until the element ``locator`` is visible.</doc>
<status status="PASS" start="2024-07-25T14:48:44.293654" elapsed="0.033965"/>
</kw>
<kw name="Click Element" owner="SeleniumLibrary">
<msg time="2024-07-25T14:48:44.328616" level="INFO">Clicking element 'xpath: //*[contains(text(), "")]'.</msg>
<arg>xpath: //*[contains(text(), "${client-ID}")]</arg>
<doc>Click the element identified by ``locator``.</doc>
<status status="PASS" start="2024-07-25T14:48:44.327619" elapsed="0.054858"/>
</kw>
<kw name="Wait Until Element Is Visible" owner="SeleniumLibrary">
<msg time="2024-07-25T14:48:51.673408" level="INFO" html="true">&lt;/td&gt;&lt;/tr&gt;&lt;tr&gt;&lt;td colspan="3"&gt;&lt;a href="selenium-screenshot-29.png"&gt;&lt;img src="selenium-screenshot-29.png" width="800px"&gt;&lt;/a&gt;</msg>
<msg time="2024-07-25T14:48:51.673408" level="FAIL">Element 'xpath: //*[contains(text(), "KB Klíč")]' not visible after 7 seconds.</msg>
<arg>xpath: //*[contains(text(), "KB Klíč")]</arg>
<arg>7 seconds</arg>
<doc>Waits until the element ``locator`` is visible.</doc>
<status status="FAIL" start="2024-07-25T14:48:44.382477" elapsed="7.360854">Element 'xpath: //*[contains(text(), "KB Klíč")]' not visible after 7 seconds.</status>
</kw>
<kw name="Click Element" owner="SeleniumLibrary">
<arg>xpath: //*[contains(text(), "KB Klíč")]</arg>
<doc>Click the element identified by ``locator``.</doc>
<status status="NOT RUN" start="2024-07-25T14:48:51.746380" elapsed="0.000466"/>
</kw>
<kw name="Wait Until Element Is Visible" owner="SeleniumLibrary">
<arg>class:btn.btn-primary</arg>
<arg>7 seconds</arg>
<doc>Waits until the element ``locator`` is visible.</doc>
<status status="NOT RUN" start="2024-07-25T14:48:51.746846" elapsed="0.000000"/>
</kw>
<kw name="Click Element" owner="SeleniumLibrary">
<arg>class:btn.btn-primary</arg>
<doc>Click the element identified by ``locator``.</doc>
<status status="NOT RUN" start="2024-07-25T14:48:51.747844" elapsed="0.000000"/>
</kw>
<kw name="Wait Until Element Is Visible" owner="SeleniumLibrary">
<arg>xpath: //*[contains(text(), "Dokument byl podepsán klientem.")]</arg>
<arg>7 seconds</arg>
<doc>Waits until the element ``locator`` is visible.</doc>
<status status="NOT RUN" start="2024-07-25T14:48:51.749839" elapsed="0.000000"/>
</kw>
<kw name="Click Element" owner="SeleniumLibrary">
<arg>xpath: //*[contains(text(), "Dokument byl podepsán klientem.")]</arg>
<doc>Click the element identified by ``locator``.</doc>
<status status="NOT RUN" start="2024-07-25T14:48:51.750832" elapsed="0.000000"/>
</kw>
<kw name="Click Element" owner="SeleniumLibrary">
<arg>class:btn.btn-primary</arg>
<doc>Click the element identified by ``locator``.</doc>
<status status="NOT RUN" start="2024-07-25T14:48:51.750832" elapsed="0.000000"/>
</kw>
<kw name="Wait Until Element Is Visible" owner="SeleniumLibrary">
<arg>xpath=(//strong[contains(@class, 'kb-h-semibold') and contains(@class, 'kb-h-font--bigger')])[2]</arg>
<arg>7 seconds</arg>
<doc>Waits until the element ``locator`` is visible.</doc>
<status status="NOT RUN" start="2024-07-25T14:48:51.751926" elapsed="0.000000"/>
</kw>
<kw name="Get Text" owner="SeleniumLibrary">
<var>${OTP1}</var>
<arg>xpath=(//strong[contains(@class, 'kb-h-semibold') and contains(@class, 'kb-h-font--bigger')])[2]</arg>
<doc>Returns the text value of the element identified by ``locator``.</doc>
<status status="NOT RUN" start="2024-07-25T14:48:51.752437" elapsed="0.000000"/>
</kw>
<kw name="Click Element" owner="AppiumLibrary">
<arg>id=cz.kb.paat.kbdev1:id/edt_username</arg>
<doc>Click element identified by `locator`.</doc>
<status status="NOT RUN" start="2024-07-25T14:48:51.752437" elapsed="0.000000"/>
</kw>
<kw name="Input Text" owner="AppiumLibrary">
<arg>id=cz.kb.paat.kbdev1:id/edt_username</arg>
<arg>${client-ID}</arg>
<doc>Types the given `text` into text field identified by `locator`.</doc>
<status status="NOT RUN" start="2024-07-25T14:48:51.753434" elapsed="0.000000"/>
</kw>
<kw name="Click Element" owner="AppiumLibrary">
<arg>id=cz.kb.paat.kbdev1:id/edt_activation_code</arg>
<doc>Click element identified by `locator`.</doc>
<status status="NOT RUN" start="2024-07-25T14:48:51.753434" elapsed="0.000000"/>
</kw>
<kw name="Input Text" owner="AppiumLibrary">
<arg>id=cz.kb.paat.kbdev1:id/edt_activation_code</arg>
<arg>${OTP1}</arg>
<doc>Types the given `text` into text field identified by `locator`.</doc>
<status status="NOT RUN" start="2024-07-25T14:48:51.754499" elapsed="0.000214"/>
</kw>
<kw name="Hide Keyboard" owner="AppiumLibrary">
<doc>Hides the software keyboard on the device. (optional) In iOS, use `key_name` to press
a particular key, ex. `Done`. In Android, no parameters are used.</doc>
<status status="NOT RUN" start="2024-07-25T14:48:51.754713" elapsed="0.000000"/>
</kw>
<kw name="Click Element" owner="AppiumLibrary">
<arg>id=cz.kb.paat.kbdev1:id/button_next</arg>
<doc>Click element identified by `locator`.</doc>
<status status="NOT RUN" start="2024-07-25T14:48:51.755504" elapsed="0.000167"/>
</kw>
<kw name="Sleep" owner="BuiltIn">
<arg>10 seconds</arg>
<doc>Pauses the test executed for the given time.</doc>
<status status="NOT RUN" start="2024-07-25T14:48:51.755671" elapsed="0.000460"/>
</kw>
<kw name="Go To" owner="SeleniumLibrary">
<arg>https://dev1-caas.kb.cz/otptestaccess</arg>
<doc>Navigates the current browser window to the provided ``url``.</doc>
<status status="NOT RUN" start="2024-07-25T14:48:51.756131" elapsed="0.000514"/>
</kw>
<kw name="Wait Until Element Is Visible" owner="SeleniumLibrary">
<arg>class:btn.btn-secondary</arg>
<arg>7 seconds</arg>
<doc>Waits until the element ``locator`` is visible.</doc>
<status status="NOT RUN" start="2024-07-25T14:48:51.756645" elapsed="0.000511"/>
</kw>
<kw name="Click Element" owner="SeleniumLibrary">
<arg>class:btn.btn-secondary</arg>
<doc>Click the element identified by ``locator``.</doc>
<status status="NOT RUN" start="2024-07-25T14:48:51.757156" elapsed="0.000000"/>
</kw>
<kw name="Wait Until Element Is Visible" owner="SeleniumLibrary">
<arg>xpath: //*[contains(text(), "${client-ID}")]</arg>
<arg>7 seconds</arg>
<doc>Waits until the element ``locator`` is visible.</doc>
<status status="NOT RUN" start="2024-07-25T14:48:51.757156" elapsed="0.000000"/>
</kw>
<kw name="Click Element" owner="SeleniumLibrary">
<arg>xpath: //*[contains(text(), "${client-ID}")]</arg>
<doc>Click the element identified by ``locator``.</doc>
<status status="NOT RUN" start="2024-07-25T14:48:51.758223" elapsed="0.000000"/>
</kw>
<kw name="Wait Until Element Is Visible" owner="SeleniumLibrary">
<arg>class:form-control-static</arg>
<doc>Waits until the element ``locator`` is visible.</doc>
<status status="NOT RUN" start="2024-07-25T14:48:51.758223" elapsed="0.000927"/>
</kw>
<kw name="Get Text" owner="SeleniumLibrary">
<var>${OTP2}</var>
<arg>xpath=(//p[contains(@class, 'form-control-static')])[6]</arg>
<doc>Returns the text value of the element identified by ``locator``.</doc>
<status status="NOT RUN" start="2024-07-25T14:48:51.759150" elapsed="0.000000"/>
</kw>
<kw name="Click Element" owner="AppiumLibrary">
<arg>id=cz.kb.paat.kbdev1:id/edt_verification_code</arg>
<doc>Click element identified by `locator`.</doc>
<status status="NOT RUN" start="2024-07-25T14:48:51.760146" elapsed="0.000260"/>
</kw>
<kw name="Input Text" owner="AppiumLibrary">
<arg>id=cz.kb.paat.kbdev1:id/edt_verification_code</arg>
<arg>${OTP2}</arg>
<doc>Types the given `text` into text field identified by `locator`.</doc>
<status status="NOT RUN" start="2024-07-25T14:48:51.760406" elapsed="0.000550"/>
</kw>
<kw name="Hide Keyboard" owner="AppiumLibrary">
<doc>Hides the software keyboard on the device. (optional) In iOS, use `key_name` to press
a particular key, ex. `Done`. In Android, no parameters are used.</doc>
<status status="NOT RUN" start="2024-07-25T14:48:51.760956" elapsed="0.000445"/>
</kw>
<kw name="Click Element" owner="AppiumLibrary">
<arg>id=cz.kb.paat.kbdev1:id/button_next</arg>
<doc>Click element identified by `locator`.</doc>
<status status="NOT RUN" start="2024-07-25T14:48:51.761541" elapsed="0.000000"/>
</kw>
<kw name="Generate Random String" owner="String">
<var>${client-username}</var>
<arg>7</arg>
<arg>ABCDEFGHIJKLMNOPQRSTUVWXYZabcdefghijklmnopqrstuvwxyz</arg>
<doc>Generates a string with a desired ``length`` from the given ``chars``.</doc>
<status status="NOT RUN" start="2024-07-25T14:48:51.761857" elapsed="0.000000"/>
</kw>
<kw name="Run Keyword And Ignore Error" owner="BuiltIn">
<arg>AppiumLibrary.Wait Until Element Is Visible</arg>
<arg>id=cz.kb.paat.kbdev1:id/edt_nickname</arg>
<doc>Runs the given keyword with the given arguments and ignores possible error.</doc>
<status status="NOT RUN" start="2024-07-25T14:48:51.762398" elapsed="0.000000"/>
</kw>
<kw name="Run Keyword And Ignore Error" owner="BuiltIn">
<arg>AppiumLibrary.Input Text</arg>
<arg>id=cz.kb.paat.kbdev1:id/edt_nickname</arg>
<arg>${client-username}</arg>
<doc>Runs the given keyword with the given arguments and ignores possible error.</doc>
<status status="NOT RUN" start="2024-07-25T14:48:51.762398" elapsed="0.000000"/>
</kw>
<kw name="Hide Keyboard" owner="AppiumLibrary">
<doc>Hides the software keyboard on the device. (optional) In iOS, use `key_name` to press
a particular key, ex. `Done`. In Android, no parameters are used.</doc>
<status status="NOT RUN" start="2024-07-25T14:48:51.762398" elapsed="0.000999"/>
</kw>
<kw name="Run Keyword And Ignore Error" owner="BuiltIn">
<arg>AppiumLibrary.Click Element</arg>
<arg>cz.kb.paat.kbdev1:id/button_next</arg>
<doc>Runs the given keyword with the given arguments and ignores possible error.</doc>
<status status="NOT RUN" start="2024-07-25T14:48:51.763397" elapsed="0.000000"/>
</kw>
<kw name="Wait Until Element Is Visible" owner="AppiumLibrary">
<arg>id=cz.kb.paat.kbdev1:id/edt_new_password</arg>
<arg>7 seconds</arg>
<doc>Waits until element specified with `locator` is visible.</doc>
<status status="NOT RUN" start="2024-07-25T14:48:51.763397" elapsed="0.000997"/>
</kw>
<kw name="Click Element" owner="AppiumLibrary">
<arg>id=cz.kb.paat.kbdev1:id/edt_new_password</arg>
<doc>Click element identified by `locator`.</doc>
<status status="NOT RUN" start="2024-07-25T14:48:51.764394" elapsed="0.000000"/>
</kw>
<kw name="Input Text" owner="AppiumLibrary">
<arg>id=cz.kb.paat.kbdev1:id/edt_new_password</arg>
<arg>147321</arg>
<doc>Types the given `text` into text field identified by `locator`.</doc>
<status status="NOT RUN" start="2024-07-25T14:48:51.764394" elapsed="0.000997"/>
</kw>
<kw name="Click Element" owner="AppiumLibrary">
<arg>id=cz.kb.paat.kbdev1:id/edt_new_password2</arg>
<doc>Click element identified by `locator`.</doc>
<status status="NOT RUN" start="2024-07-25T14:48:51.765391" elapsed="0.000000"/>
</kw>
<kw name="Input Text" owner="AppiumLibrary">
<arg>id=cz.kb.paat.kbdev1:id/edt_new_password2</arg>
<arg>147321</arg>
<doc>Types the given `text` into text field identified by `locator`.</doc>
<status status="NOT RUN" start="2024-07-25T14:48:51.765391" elapsed="0.000998"/>
</kw>
<kw name="Hide Keyboard" owner="AppiumLibrary">
<doc>Hides the software keyboard on the device. (optional) In iOS, use `key_name` to press
a particular key, ex. `Done`. In Android, no parameters are used.</doc>
<status status="NOT RUN" start="2024-07-25T14:48:51.766389" elapsed="0.000000"/>
</kw>
<kw name="Wait Until Element Is Visible" owner="AppiumLibrary">
<arg>id=cz.kb.paat.kbdev1:id/button_next</arg>
<doc>Waits until element specified with `locator` is visible.</doc>
<status status="NOT RUN" start="2024-07-25T14:48:51.766389" elapsed="0.000000"/>
</kw>
<kw name="Click Element" owner="AppiumLibrary">
<arg>id=cz.kb.paat.kbdev1:id/button_next</arg>
<doc>Click element identified by `locator`.</doc>
<status status="NOT RUN" start="2024-07-25T14:48:51.767386" elapsed="0.000175"/>
</kw>
<kw name="Close Application" owner="AppiumLibrary">
<doc>Closes the current application and also close webdriver session.</doc>
<status status="NOT RUN" start="2024-07-25T14:48:51.767708" elapsed="0.000000"/>
</kw>
<kw name="Close All Browsers" owner="SeleniumLibrary">
<doc>Closes all open browsers and resets the browser cache.</doc>
<status status="NOT RUN" start="2024-07-25T14:48:51.767708" elapsed="0.000847"/>
</kw>
<status status="FAIL" start="2024-07-25T14:48:20.757397" elapsed="31.011158">Element 'xpath: //*[contains(text(), "KB Klíč")]' not visible after 7 seconds.</status>
</kw>
<kw name="Otevři KB Admin">
<arg>${browser}</arg>
<status status="NOT RUN" start="2024-07-25T14:48:51.782687" elapsed="0.000634"/>
</kw>
<kw name="Vyhledej Účet">
<arg>${client-ID}</arg>
<status status="NOT RUN" start="2024-07-25T14:48:51.789596" elapsed="0.000000"/>
</kw>
<kw name="Otestuj Akci">
<arg>Bezpečnostní heslo</arg>
<status status="NOT RUN" start="2024-07-25T14:48:51.790847" elapsed="0.000000"/>
</kw>
<status status="FAIL" start="2024-07-25T14:48:20.756365" elapsed="31.061334">Element 'xpath: //*[contains(text(), "KB Klíč")]' not visible after 7 seconds.</status>
</test>
<status status="FAIL" start="2024-07-25T14:48:20.460413" elapsed="31.391191"/>
</suite>
<statistics>
<total>
<stat pass="0" fail="1" skip="0">All Tests</stat>
</total>
<tag>
</tag>
<suite>
<stat pass="0" fail="1" skip="0" id="s1" name="KB-Admin-Alt">KB-Admin-Alt</stat>
</suite>
</statistics>
<errors>
</errors>
</robot>
